<?xml version="1.0" encoding="UTF-8"?>
<coverage generated="1608184544326" clover="3.2.0">
  <project timestamp="1608184544327" name="All files">
    <metrics statements="271" coveredstatements="263" conditionals="543" coveredconditionals="289" methods="107" coveredmethods="78" elements="921" coveredelements="630" complexity="0" loc="271" ncloc="271" packages="2" files="10" classes="10"/>
    <package name="Components">
      <metrics statements="188" coveredstatements="181" conditionals="361" coveredconditionals="187" methods="70" coveredmethods="49"/>
      <file name="Bio.js" path="/home/girish/iitb2020/intern/LearningProject/App/Components/Bio.js">
        <metrics statements="20" coveredstatements="20" conditionals="10" coveredconditionals="8" methods="5" coveredmethods="4"/>
        <line num="1" count="3" type="stmt"/>
        <line num="3" count="3" type="stmt"/>
        <line num="4" count="3" type="stmt"/>
        <line num="5" count="3" type="stmt"/>
        <line num="14" count="3" type="stmt"/>
        <line num="15" count="3" type="stmt"/>
        <line num="17" count="3" type="stmt"/>
        <line num="24" count="6" type="cond" truecount="4" falsecount="2"/>
        <line num="25" count="3" type="stmt"/>
        <line num="40" count="3" type="stmt"/>
        <line num="41" count="25" type="stmt"/>
        <line num="42" count="25" type="stmt"/>
        <line num="44" count="25" type="cond" truecount="2" falsecount="0"/>
        <line num="45" count="14" type="stmt"/>
        <line num="47" count="11" type="cond" truecount="2" falsecount="0"/>
        <line num="48" count="1" type="stmt"/>
        <line num="52" count="10" type="stmt"/>
        <line num="59" count="3" type="stmt"/>
        <line num="61" count="3" type="stmt"/>
        <line num="66" count="3" type="stmt"/>
      </file>
      <file name="DecagonButton.js" path="/home/girish/iitb2020/intern/LearningProject/App/Components/DecagonButton.js">
        <metrics statements="39" coveredstatements="37" conditionals="48" coveredconditionals="34" methods="10" coveredmethods="8"/>
        <line num="1" count="1" type="stmt"/>
        <line num="3" count="1" type="stmt"/>
        <line num="4" count="1" type="stmt"/>
        <line num="7" count="1" type="stmt"/>
        <line num="19" count="1" type="stmt"/>
        <line num="20" count="1" type="stmt"/>
        <line num="22" count="1" type="stmt"/>
        <line num="23" count="1" type="stmt"/>
        <line num="30" count="1" type="stmt"/>
        <line num="31" count="1" type="stmt"/>
        <line num="32" count="1" type="stmt"/>
        <line num="33" count="1" type="stmt"/>
        <line num="34" count="1" type="stmt"/>
        <line num="35" count="28" type="cond" truecount="24" falsecount="10"/>
        <line num="36" count="1" type="stmt"/>
        <line num="47" count="11" type="stmt"/>
        <line num="48" count="11" type="stmt"/>
        <line num="49" count="11" type="stmt"/>
        <line num="50" count="1" type="stmt"/>
        <line num="62" count="1" type="cond" truecount="1" falsecount="1"/>
        <line num="63" count="0" type="stmt"/>
        <line num="64" count="1" type="cond" truecount="1" falsecount="1"/>
        <line num="65" count="0" type="stmt"/>
        <line num="66" count="1" type="cond" truecount="1" falsecount="1"/>
        <line num="67" count="1" type="stmt"/>
        <line num="71" count="1" type="stmt"/>
        <line num="72" count="1" type="stmt"/>
        <line num="73" count="1" type="stmt"/>
        <line num="76" count="1" type="stmt"/>
        <line num="90" count="11" type="cond" truecount="2" falsecount="0"/>
        <line num="91" count="4" type="cond" truecount="2" falsecount="0"/>
        <line num="92" count="3" type="stmt"/>
        <line num="99" count="1" type="stmt"/>
        <line num="107" count="7" type="cond" truecount="2" falsecount="0"/>
        <line num="108" count="6" type="stmt"/>
        <line num="110" count="1" type="cond" truecount="1" falsecount="1"/>
        <line num="111" count="1" type="stmt"/>
        <line num="127" count="1" type="stmt"/>
        <line num="128" count="1" type="stmt"/>
      </file>
      <file name="DecagonView.js" path="/home/girish/iitb2020/intern/LearningProject/App/Components/DecagonView.js">
        <metrics statements="32" coveredstatements="31" conditionals="85" coveredconditionals="36" methods="14" coveredmethods="9"/>
        <line num="1" count="3" type="stmt"/>
        <line num="3" count="3" type="stmt"/>
        <line num="4" count="3" type="stmt"/>
        <line num="5" count="3" type="stmt"/>
        <line num="17" count="3" type="stmt"/>
        <line num="18" count="3" type="stmt"/>
        <line num="20" count="3" type="stmt"/>
        <line num="27" count="3" type="stmt"/>
        <line num="28" count="3" type="stmt"/>
        <line num="29" count="84" type="cond" truecount="25" falsecount="47"/>
        <line num="36" count="3" type="stmt"/>
        <line num="37" count="14" type="stmt"/>
        <line num="38" count="14" type="stmt"/>
        <line num="39" count="14" type="stmt"/>
        <line num="40" count="14" type="stmt"/>
        <line num="41" count="14" type="stmt"/>
        <line num="42" count="32" type="cond" truecount="4" falsecount="1"/>
        <line num="43" count="8" type="stmt"/>
        <line num="44" count="8" type="stmt"/>
        <line num="45" count="8" type="stmt"/>
        <line num="46" count="8" type="cond" truecount="1" falsecount="1"/>
        <line num="47" count="8" type="stmt"/>
        <line num="48" count="8" type="stmt"/>
        <line num="49" count="0" type="stmt"/>
        <line num="50" count="8" type="stmt"/>
        <line num="52" count="14" type="stmt"/>
        <line num="55" count="14" type="cond" truecount="2" falsecount="0"/>
        <line num="56" count="8" type="stmt"/>
        <line num="57" count="8" type="stmt"/>
        <line num="60" count="14" type="stmt"/>
        <line num="99" count="3" type="stmt"/>
        <line num="100" count="3" type="stmt"/>
      </file>
      <file name="DrawPoly.js" path="/home/girish/iitb2020/intern/LearningProject/App/Components/DrawPoly.js">
        <metrics statements="48" coveredstatements="46" conditionals="92" coveredconditionals="42" methods="19" coveredmethods="13"/>
        <line num="1" count="3" type="stmt"/>
        <line num="2" count="3" type="stmt"/>
        <line num="3" count="3" type="stmt"/>
        <line num="5" count="3" type="stmt"/>
        <line num="6" count="3" type="stmt"/>
        <line num="11" count="3" type="stmt"/>
        <line num="12" count="3" type="stmt"/>
        <line num="13" count="3" type="stmt"/>
        <line num="14" count="84" type="cond" truecount="27" falsecount="47"/>
        <line num="15" count="3" type="stmt"/>
        <line num="24" count="3" type="stmt"/>
        <line num="25" count="18" type="stmt"/>
        <line num="27" count="18" type="stmt"/>
        <line num="28" count="18" type="stmt"/>
        <line num="86" count="18" type="stmt"/>
        <line num="87" count="2" type="stmt"/>
        <line num="99" count="2" type="cond" truecount="1" falsecount="1"/>
        <line num="100" count="0" type="stmt"/>
        <line num="101" count="2" type="cond" truecount="1" falsecount="1"/>
        <line num="102" count="0" type="stmt"/>
        <line num="103" count="2" type="cond" truecount="1" falsecount="1"/>
        <line num="104" count="2" type="stmt"/>
        <line num="108" count="2" type="stmt"/>
        <line num="109" count="2" type="stmt"/>
        <line num="110" count="2" type="stmt"/>
        <line num="113" count="2" type="stmt"/>
        <line num="114" count="2" type="stmt"/>
        <line num="127" count="18" type="stmt"/>
        <line num="128" count="18" type="stmt"/>
        <line num="129" count="198" type="cond" truecount="2" falsecount="0"/>
        <line num="130" count="198" type="cond" truecount="2" falsecount="0"/>
        <line num="131" count="198" type="stmt"/>
        <line num="136" count="18" type="stmt"/>
        <line num="137" count="18" type="stmt"/>
        <line num="138" count="198" type="cond" truecount="2" falsecount="0"/>
        <line num="139" count="198" type="cond" truecount="2" falsecount="0"/>
        <line num="140" count="198" type="stmt"/>
        <line num="149" count="18" type="stmt"/>
        <line num="150" count="18" type="stmt"/>
        <line num="151" count="18" type="stmt"/>
        <line num="152" count="198" type="stmt"/>
        <line num="154" count="18" type="stmt"/>
        <line num="155" count="198" type="stmt"/>
        <line num="159" count="18" type="stmt"/>
        <line num="184" count="2" type="stmt"/>
        <line num="185" count="2" type="stmt"/>
        <line num="192" count="3" type="stmt"/>
        <line num="207" count="3" type="stmt"/>
      </file>
      <file name="IconButton.js" path="/home/girish/iitb2020/intern/LearningProject/App/Components/IconButton.js">
        <metrics statements="12" coveredstatements="12" conditionals="32" coveredconditionals="23" methods="5" coveredmethods="4"/>
        <line num="1" count="3" type="stmt"/>
        <line num="3" count="3" type="stmt"/>
        <line num="4" count="3" type="stmt"/>
        <line num="5" count="3" type="stmt"/>
        <line num="7" count="3" type="stmt"/>
        <line num="8" count="3" type="stmt"/>
        <line num="10" count="84" type="cond" truecount="23" falsecount="9"/>
        <line num="15" count="3" type="stmt"/>
        <line num="16" count="4" type="stmt"/>
        <line num="17" count="4" type="stmt"/>
        <line num="22" count="3" type="stmt"/>
        <line num="130" count="3" type="stmt"/>
      </file>
      <file name="Poly.js" path="/home/girish/iitb2020/intern/LearningProject/App/Components/Poly.js">
        <metrics statements="37" coveredstatements="35" conditionals="94" coveredconditionals="44" methods="17" coveredmethods="11"/>
        <line num="1" count="3" type="stmt"/>
        <line num="2" count="3" type="stmt"/>
        <line num="3" count="3" type="stmt"/>
        <line num="5" count="3" type="stmt"/>
        <line num="6" count="3" type="stmt"/>
        <line num="7" count="3" type="stmt"/>
        <line num="8" count="3" type="stmt"/>
        <line num="9" count="84" type="cond" truecount="27" falsecount="47"/>
        <line num="10" count="3" type="stmt"/>
        <line num="19" count="3" type="stmt"/>
        <line num="20" count="6" type="stmt"/>
        <line num="21" count="6" type="stmt"/>
        <line num="22" count="6" type="stmt"/>
        <line num="23" count="66" type="cond" truecount="2" falsecount="0"/>
        <line num="24" count="66" type="cond" truecount="2" falsecount="0"/>
        <line num="25" count="66" type="stmt"/>
        <line num="31" count="6" type="stmt"/>
        <line num="32" count="6" type="stmt"/>
        <line num="33" count="66" type="stmt"/>
        <line num="35" count="6" type="stmt"/>
        <line num="36" count="1" type="stmt"/>
        <line num="48" count="1" type="cond" truecount="1" falsecount="1"/>
        <line num="49" count="0" type="stmt"/>
        <line num="50" count="1" type="cond" truecount="1" falsecount="1"/>
        <line num="51" count="0" type="stmt"/>
        <line num="52" count="1" type="cond" truecount="1" falsecount="1"/>
        <line num="53" count="1" type="stmt"/>
        <line num="57" count="1" type="stmt"/>
        <line num="58" count="1" type="stmt"/>
        <line num="59" count="1" type="stmt"/>
        <line num="62" count="1" type="stmt"/>
        <line num="63" count="1" type="stmt"/>
        <line num="79" count="6" type="cond" truecount="2" falsecount="0"/>
        <line num="80" count="1" type="stmt"/>
        <line num="107" count="5" type="stmt"/>
        <line num="135" count="3" type="stmt"/>
        <line num="148" count="3" type="stmt"/>
      </file>
    </package>
    <package name="Containers">
      <metrics statements="83" coveredstatements="82" conditionals="182" coveredconditionals="102" methods="37" coveredmethods="29"/>
      <file name="Screen1.js" path="/home/girish/iitb2020/intern/LearningProject/App/Containers/Screen1.js">
        <metrics statements="16" coveredstatements="16" conditionals="32" coveredconditionals="22" methods="5" coveredmethods="4"/>
        <line num="1" count="1" type="stmt"/>
        <line num="10" count="1" type="stmt"/>
        <line num="11" count="1" type="stmt"/>
        <line num="12" count="1" type="stmt"/>
        <line num="21" count="1" type="stmt"/>
        <line num="22" count="1" type="stmt"/>
        <line num="24" count="1" type="stmt"/>
        <line num="32" count="1" type="stmt"/>
        <line num="33" count="1" type="stmt"/>
        <line num="34" count="1" type="stmt"/>
        <line num="35" count="1" type="stmt"/>
        <line num="36" count="1" type="stmt"/>
        <line num="37" count="28" type="cond" truecount="22" falsecount="10"/>
        <line num="39" count="6" type="stmt"/>
        <line num="40" count="6" type="stmt"/>
        <line num="50" count="1" type="stmt"/>
      </file>
      <file name="Screen2.js" path="/home/girish/iitb2020/intern/LearningProject/App/Containers/Screen2.js">
        <metrics statements="34" coveredstatements="34" conditionals="80" coveredconditionals="31" methods="19" coveredmethods="14"/>
        <line num="1" count="2" type="stmt"/>
        <line num="10" count="2" type="stmt"/>
        <line num="11" count="2" type="stmt"/>
        <line num="13" count="2" type="stmt"/>
        <line num="23" count="2" type="stmt"/>
        <line num="25" count="2" type="stmt"/>
        <line num="32" count="101" type="cond" truecount="24" falsecount="48"/>
        <line num="34" count="101" type="stmt"/>
        <line num="35" count="101" type="stmt"/>
        <line num="36" count="101" type="stmt"/>
        <line num="37" count="101" type="stmt"/>
        <line num="38" count="101" type="stmt"/>
        <line num="39" count="102" type="cond" truecount="2" falsecount="0"/>
        <line num="40" count="100" type="stmt"/>
        <line num="43" count="101" type="stmt"/>
        <line num="44" count="101" type="stmt"/>
        <line num="45" count="101" type="cond" truecount="2" falsecount="0"/>
        <line num="46" count="50" type="stmt"/>
        <line num="48" count="101" type="stmt"/>
        <line num="52" count="101" type="stmt"/>
        <line num="53" count="101" type="cond" truecount="2" falsecount="0"/>
        <line num="54" count="1" type="stmt"/>
        <line num="58" count="101" type="stmt"/>
        <line num="64" count="101" type="stmt"/>
        <line num="83" count="2" type="stmt"/>
        <line num="85" count="101" type="stmt"/>
        <line num="87" count="101" type="stmt"/>
        <line num="88" count="101" type="stmt"/>
        <line num="91" count="101" type="stmt"/>
        <line num="93" count="102" type="stmt"/>
        <line num="95" count="1" type="cond" truecount="1" falsecount="1"/>
        <line num="96" count="1" type="stmt"/>
        <line num="97" count="1" type="stmt"/>
        <line num="101" count="2" type="stmt"/>
      </file>
      <file name="Screen3.js" path="/home/girish/iitb2020/intern/LearningProject/App/Containers/Screen3.js">
        <metrics statements="20" coveredstatements="19" conditionals="38" coveredconditionals="27" methods="8" coveredmethods="7"/>
        <line num="1" count="1" type="stmt"/>
        <line num="10" count="1" type="stmt"/>
        <line num="11" count="1" type="stmt"/>
        <line num="13" count="1" type="stmt"/>
        <line num="23" count="1" type="stmt"/>
        <line num="24" count="1" type="stmt"/>
        <line num="26" count="1" type="stmt"/>
        <line num="33" count="1" type="stmt"/>
        <line num="34" count="28" type="cond" truecount="22" falsecount="10"/>
        <line num="36" count="4" type="stmt"/>
        <line num="37" count="8" type="cond" truecount="4" falsecount="0"/>
        <line num="38" count="4" type="stmt"/>
        <line num="39" count="4" type="cond" truecount="1" falsecount="1"/>
        <line num="40" count="0" type="stmt"/>
        <line num="41" count="4" type="stmt"/>
        <line num="43" count="4" type="stmt"/>
        <line num="44" count="4" type="stmt"/>
        <line num="46" count="4" type="stmt"/>
        <line num="47" count="4" type="stmt"/>
        <line num="57" count="1" type="stmt"/>
      </file>
      <file name="Screen4.js" path="/home/girish/iitb2020/intern/LearningProject/App/Containers/Screen4.js">
        <metrics statements="13" coveredstatements="13" conditionals="32" coveredconditionals="22" methods="5" coveredmethods="4"/>
        <line num="1" count="1" type="stmt"/>
        <line num="10" count="1" type="stmt"/>
        <line num="11" count="1" type="stmt"/>
        <line num="13" count="1" type="stmt"/>
        <line num="23" count="1" type="stmt"/>
        <line num="24" count="1" type="stmt"/>
        <line num="26" count="1" type="stmt"/>
        <line num="33" count="1" type="stmt"/>
        <line num="34" count="28" type="cond" truecount="22" falsecount="10"/>
        <line num="36" count="4" type="stmt"/>
        <line num="37" count="4" type="stmt"/>
        <line num="38" count="4" type="stmt"/>
        <line num="48" count="1" type="stmt"/>
      </file>
    </package>
  </project>
</coverage>
