{"/home/girish/iitb2020/intern/LearningProject/App/Components/Bio.js": {"path":"/home/girish/iitb2020/intern/LearningProject/App/Components/Bio.js","statementMap":{"0":{"start":{"line":1,"column":13},"end":{"line":1,"column":75}},"1":{"start":{"line":1,"column":75},"end":{"line":1,"column":96}},"2":{"start":{"line":3,"column":0},"end":{"line":3,"column":40}},"3":{"start":{"line":4,"column":13},"end":{"line":4,"column":53}},"4":{"start":{"line":5,"column":19},"end":{"line":5,"column":42}},"5":{"start":{"line":14,"column":14},"end":{"line":14,"column":49}},"6":{"start":{"line":15,"column":17},"end":{"line":15,"column":62}},"7":{"start":{"line":17,"column":20},"end":{"line":17,"column":66}},"8":{"start":{"line":24,"column":14},"end":{"line":24,"column":39}},"9":{"start":{"line":24,"column":52},"end":{"line":24,"column":56}},"10":{"start":{"line":24,"column":72},"end":{"line":24,"column":140}},"11":{"start":{"line":24,"column":179},"end":{"line":24,"column":233}},"12":{"start":{"line":24,"column":273},"end":{"line":24,"column":428}},"13":{"start":{"line":24,"column":429},"end":{"line":24,"column":489}},"14":{"start":{"line":24,"column":475},"end":{"line":24,"column":487}},"15":{"start":{"line":24,"column":489},"end":{"line":24,"column":501}},"16":{"start":{"line":24,"column":554},"end":{"line":24,"column":589}},"17":{"start":{"line":24,"column":565},"end":{"line":24,"column":588}},"18":{"start":{"line":24,"column":589},"end":{"line":24,"column":607}},"19":{"start":{"line":24,"column":607},"end":{"line":24,"column":622}},"20":{"start":{"line":25,"column":14},"end":{"line":25,"column":49}},"21":{"start":{"line":40,"column":10},"end":{"line":59,"column":1}},"22":{"start":{"line":41,"column":2},"end":{"line":41,"column":32}},"23":{"start":{"line":41,"column":43},"end":{"line":41,"column":60}},"24":{"start":{"line":41,"column":69},"end":{"line":41,"column":84}},"25":{"start":{"line":41,"column":92},"end":{"line":41,"column":106}},"26":{"start":{"line":42,"column":9},"end":{"line":42,"column":19}},"27":{"start":{"line":42,"column":33},"end":{"line":42,"column":49}},"28":{"start":{"line":42,"column":56},"end":{"line":42,"column":65}},"29":{"start":{"line":44,"column":2},"end":{"line":46,"column":3}},"30":{"start":{"line":45,"column":4},"end":{"line":45,"column":150}},"31":{"start":{"line":47,"column":2},"end":{"line":49,"column":3}},"32":{"start":{"line":48,"column":4},"end":{"line":48,"column":150}},"33":{"start":{"line":52,"column":2},"end":{"line":56,"column":192}},"34":{"start":{"line":59,"column":2},"end":{"line":59,"column":20}},"35":{"start":{"line":61,"column":0},"end":{"line":64,"column":26}},"36":{"start":{"line":66,"column":13},"end":{"line":77,"column":25}}},"fnMap":{"0":{"name":"_interopRequireDefault","decl":{"start":{"line":24,"column":150},"end":{"line":24,"column":172}},"loc":{"start":{"line":24,"column":178},"end":{"line":24,"column":234}},"line":24},"1":{"name":"_templateObject","decl":{"start":{"line":24,"column":243},"end":{"line":24,"column":258}},"loc":{"start":{"line":24,"column":261},"end":{"line":24,"column":502}},"line":24},"2":{"name":"_templateObject","decl":{"start":{"line":24,"column":456},"end":{"line":24,"column":471}},"loc":{"start":{"line":24,"column":474},"end":{"line":24,"column":488}},"line":24},"3":{"name":"_taggedTemplateLiteralLoose","decl":{"start":{"line":24,"column":511},"end":{"line":24,"column":538}},"loc":{"start":{"line":24,"column":553},"end":{"line":24,"column":623}},"line":24},"4":{"name":"Bio","decl":{"start":{"line":40,"column":19},"end":{"line":40,"column":22}},"loc":{"start":{"line":40,"column":30},"end":{"line":59,"column":1}},"line":40}},"branchMap":{"0":{"loc":{"start":{"line":24,"column":186},"end":{"line":24,"column":232}},"type":"cond-expr","locations":[{"start":{"line":24,"column":210},"end":{"line":24,"column":213}},{"start":{"line":24,"column":216},"end":{"line":24,"column":232}}],"line":24},"1":{"loc":{"start":{"line":24,"column":186},"end":{"line":24,"column":207}},"type":"binary-expr","locations":[{"start":{"line":24,"column":186},"end":{"line":24,"column":189}},{"start":{"line":24,"column":193},"end":{"line":24,"column":207}}],"line":24},"2":{"loc":{"start":{"line":24,"column":554},"end":{"line":24,"column":589}},"type":"if","locations":[{"start":{"line":24,"column":554},"end":{"line":24,"column":589}},{"start":{"line":24,"column":554},"end":{"line":24,"column":589}}],"line":24},"3":{"loc":{"start":{"line":44,"column":2},"end":{"line":46,"column":3}},"type":"if","locations":[{"start":{"line":44,"column":2},"end":{"line":46,"column":3}},{"start":{"line":44,"column":2},"end":{"line":46,"column":3}}],"line":44},"4":{"loc":{"start":{"line":47,"column":2},"end":{"line":49,"column":3}},"type":"if","locations":[{"start":{"line":47,"column":2},"end":{"line":49,"column":3}},{"start":{"line":47,"column":2},"end":{"line":49,"column":3}}],"line":47}},"s":{"0":3,"1":3,"2":3,"3":3,"4":3,"5":3,"6":3,"7":3,"8":3,"9":3,"10":3,"11":6,"12":3,"13":3,"14":0,"15":3,"16":3,"17":3,"18":3,"19":3,"20":3,"21":3,"22":25,"23":25,"24":25,"25":25,"26":25,"27":25,"28":25,"29":25,"30":14,"31":11,"32":1,"33":10,"34":3,"35":3,"36":3},"f":{"0":6,"1":3,"2":0,"3":3,"4":25},"b":{"0":[0,6],"1":[6,6],"2":[3,0],"3":[14,11],"4":[1,10]},"inputSourceMap":null,"_coverageSchema":"1a1c01bbd47fc00a2c39e90264f33305004495a9","hash":"11b37b8ca9b7be1a1e79fe3ee32691f6e6ad0d0e"}
,"/home/girish/iitb2020/intern/LearningProject/App/Components/DecagonButton.js": {"path":"/home/girish/iitb2020/intern/LearningProject/App/Components/DecagonButton.js","statementMap":{"0":{"start":{"line":1,"column":13},"end":{"line":1,"column":75}},"1":{"start":{"line":1,"column":75},"end":{"line":1,"column":106}},"2":{"start":{"line":3,"column":0},"end":{"line":3,"column":40}},"3":{"start":{"line":4,"column":13},"end":{"line":4,"column":54}},"4":{"start":{"line":7,"column":19},"end":{"line":7,"column":42}},"5":{"start":{"line":19,"column":14},"end":{"line":19,"column":49}},"6":{"start":{"line":20,"column":17},"end":{"line":20,"column":62}},"7":{"start":{"line":22,"column":21},"end":{"line":22,"column":95}},"8":{"start":{"line":23,"column":20},"end":{"line":23,"column":66}},"9":{"start":{"line":30,"column":12},"end":{"line":30,"column":53}},"10":{"start":{"line":31,"column":19},"end":{"line":31,"column":43}},"11":{"start":{"line":32,"column":30},"end":{"line":32,"column":90}},"12":{"start":{"line":33,"column":20},"end":{"line":33,"column":92}},"13":{"start":{"line":34,"column":18},"end":{"line":34,"column":41}},"14":{"start":{"line":35,"column":14},"end":{"line":35,"column":39}},"15":{"start":{"line":35,"column":52},"end":{"line":35,"column":56}},"16":{"start":{"line":35,"column":72},"end":{"line":35,"column":150}},"17":{"start":{"line":35,"column":189},"end":{"line":35,"column":243}},"18":{"start":{"line":35,"column":281},"end":{"line":35,"column":328}},"19":{"start":{"line":35,"column":316},"end":{"line":35,"column":328}},"20":{"start":{"line":35,"column":340},"end":{"line":35,"column":353}},"21":{"start":{"line":35,"column":354},"end":{"line":35,"column":433}},"22":{"start":{"line":35,"column":418},"end":{"line":35,"column":431}},"23":{"start":{"line":35,"column":433},"end":{"line":35,"column":446}},"24":{"start":{"line":35,"column":486},"end":{"line":35,"column":526}},"25":{"start":{"line":35,"column":514},"end":{"line":35,"column":525}},"26":{"start":{"line":35,"column":526},"end":{"line":35,"column":626}},"27":{"start":{"line":35,"column":601},"end":{"line":35,"column":625}},"28":{"start":{"line":35,"column":638},"end":{"line":35,"column":664}},"29":{"start":{"line":35,"column":665},"end":{"line":35,"column":718}},"30":{"start":{"line":35,"column":695},"end":{"line":35,"column":717}},"31":{"start":{"line":35,"column":731},"end":{"line":35,"column":733}},"32":{"start":{"line":35,"column":762},"end":{"line":35,"column":818}},"33":{"start":{"line":35,"column":819},"end":{"line":35,"column":1090}},"34":{"start":{"line":35,"column":841},"end":{"line":35,"column":1089}},"35":{"start":{"line":35,"column":905},"end":{"line":35,"column":977}},"36":{"start":{"line":35,"column":978},"end":{"line":35,"column":1088}},"37":{"start":{"line":35,"column":1015},"end":{"line":35,"column":1056}},"38":{"start":{"line":35,"column":1064},"end":{"line":35,"column":1087}},"39":{"start":{"line":35,"column":1090},"end":{"line":35,"column":1111}},"40":{"start":{"line":35,"column":1111},"end":{"line":35,"column":1147}},"41":{"start":{"line":35,"column":1123},"end":{"line":35,"column":1146}},"42":{"start":{"line":35,"column":1147},"end":{"line":35,"column":1161}},"43":{"start":{"line":35,"column":1201},"end":{"line":35,"column":1356}},"44":{"start":{"line":35,"column":1357},"end":{"line":35,"column":1417}},"45":{"start":{"line":35,"column":1403},"end":{"line":35,"column":1415}},"46":{"start":{"line":35,"column":1417},"end":{"line":35,"column":1429}},"47":{"start":{"line":35,"column":1482},"end":{"line":35,"column":1517}},"48":{"start":{"line":35,"column":1493},"end":{"line":35,"column":1516}},"49":{"start":{"line":35,"column":1517},"end":{"line":35,"column":1535}},"50":{"start":{"line":35,"column":1535},"end":{"line":35,"column":1550}},"51":{"start":{"line":36,"column":14},"end":{"line":36,"column":49}},"52":{"start":{"line":47,"column":20},"end":{"line":127,"column":1}},"53":{"start":{"line":47,"column":67},"end":{"line":47,"column":82}},"54":{"start":{"line":48,"column":2},"end":{"line":48,"column":32}},"55":{"start":{"line":48,"column":43},"end":{"line":48,"column":60}},"56":{"start":{"line":48,"column":69},"end":{"line":48,"column":84}},"57":{"start":{"line":48,"column":92},"end":{"line":48,"column":106}},"58":{"start":{"line":49,"column":20},"end":{"line":89,"column":3}},"59":{"start":{"line":50,"column":4},"end":{"line":87,"column":7}},"60":{"start":{"line":62,"column":6},"end":{"line":86,"column":7}},"61":{"start":{"line":63,"column":8},"end":{"line":63,"column":51}},"62":{"start":{"line":64,"column":13},"end":{"line":86,"column":7}},"63":{"start":{"line":65,"column":8},"end":{"line":65,"column":59}},"64":{"start":{"line":66,"column":13},"end":{"line":86,"column":7}},"65":{"start":{"line":67,"column":8},"end":{"line":69,"column":31}},"66":{"start":{"line":71,"column":21},"end":{"line":71,"column":42}},"67":{"start":{"line":72,"column":8},"end":{"line":72,"column":28}},"68":{"start":{"line":73,"column":8},"end":{"line":73,"column":30}},"69":{"start":{"line":76,"column":8},"end":{"line":76,"column":75}},"70":{"start":{"line":90,"column":2},"end":{"line":106,"column":3}},"71":{"start":{"line":91,"column":4},"end":{"line":105,"column":5}},"72":{"start":{"line":92,"column":6},"end":{"line":95,"column":177}},"73":{"start":{"line":99,"column":6},"end":{"line":102,"column":178}},"74":{"start":{"line":107,"column":2},"end":{"line":109,"column":3}},"75":{"start":{"line":108,"column":4},"end":{"line":108,"column":151}},"76":{"start":{"line":110,"column":2},"end":{"line":112,"column":3}},"77":{"start":{"line":111,"column":4},"end":{"line":111,"column":151}},"78":{"start":{"line":127,"column":2},"end":{"line":127,"column":40}},"79":{"start":{"line":128,"column":13},"end":{"line":137,"column":62}}},"fnMap":{"0":{"name":"_interopRequireDefault","decl":{"start":{"line":35,"column":160},"end":{"line":35,"column":182}},"loc":{"start":{"line":35,"column":188},"end":{"line":35,"column":244}},"line":35},"1":{"name":"_getRequireWildcardCache","decl":{"start":{"line":35,"column":253},"end":{"line":35,"column":277}},"loc":{"start":{"line":35,"column":280},"end":{"line":35,"column":447}},"line":35},"2":{"name":"_getRequireWildcardCache","decl":{"start":{"line":35,"column":390},"end":{"line":35,"column":414}},"loc":{"start":{"line":35,"column":417},"end":{"line":35,"column":432}},"line":35},"3":{"name":"_interopRequireWildcard","decl":{"start":{"line":35,"column":456},"end":{"line":35,"column":479}},"loc":{"start":{"line":35,"column":485},"end":{"line":35,"column":1162}},"line":35},"4":{"name":"_templateObject","decl":{"start":{"line":35,"column":1171},"end":{"line":35,"column":1186}},"loc":{"start":{"line":35,"column":1189},"end":{"line":35,"column":1430}},"line":35},"5":{"name":"_templateObject","decl":{"start":{"line":35,"column":1384},"end":{"line":35,"column":1399}},"loc":{"start":{"line":35,"column":1402},"end":{"line":35,"column":1416}},"line":35},"6":{"name":"_taggedTemplateLiteralLoose","decl":{"start":{"line":35,"column":1439},"end":{"line":35,"column":1466}},"loc":{"start":{"line":35,"column":1481},"end":{"line":35,"column":1551}},"line":35},"7":{"name":"DecagonButton","decl":{"start":{"line":47,"column":29},"end":{"line":47,"column":42}},"loc":{"start":{"line":47,"column":49},"end":{"line":127,"column":1}},"line":47},"8":{"name":"photoTapped","decl":{"start":{"line":49,"column":29},"end":{"line":49,"column":40}},"loc":{"start":{"line":49,"column":43},"end":{"line":89,"column":3}},"line":49},"9":{"name":"(anonymous_9)","decl":{"start":{"line":61,"column":4},"end":{"line":61,"column":5}},"loc":{"start":{"line":61,"column":24},"end":{"line":87,"column":5}},"line":61}},"branchMap":{"0":{"loc":{"start":{"line":35,"column":196},"end":{"line":35,"column":242}},"type":"cond-expr","locations":[{"start":{"line":35,"column":220},"end":{"line":35,"column":223}},{"start":{"line":35,"column":226},"end":{"line":35,"column":242}}],"line":35},"1":{"loc":{"start":{"line":35,"column":196},"end":{"line":35,"column":217}},"type":"binary-expr","locations":[{"start":{"line":35,"column":196},"end":{"line":35,"column":199}},{"start":{"line":35,"column":203},"end":{"line":35,"column":217}}],"line":35},"2":{"loc":{"start":{"line":35,"column":281},"end":{"line":35,"column":328}},"type":"if","locations":[{"start":{"line":35,"column":281},"end":{"line":35,"column":328}},{"start":{"line":35,"column":281},"end":{"line":35,"column":328}}],"line":35},"3":{"loc":{"start":{"line":35,"column":486},"end":{"line":35,"column":526}},"type":"if","locations":[{"start":{"line":35,"column":486},"end":{"line":35,"column":526}},{"start":{"line":35,"column":486},"end":{"line":35,"column":526}}],"line":35},"4":{"loc":{"start":{"line":35,"column":490},"end":{"line":35,"column":511}},"type":"binary-expr","locations":[{"start":{"line":35,"column":490},"end":{"line":35,"column":493}},{"start":{"line":35,"column":497},"end":{"line":35,"column":511}}],"line":35},"5":{"loc":{"start":{"line":35,"column":526},"end":{"line":35,"column":626}},"type":"if","locations":[{"start":{"line":35,"column":526},"end":{"line":35,"column":626}},{"start":{"line":35,"column":526},"end":{"line":35,"column":626}}],"line":35},"6":{"loc":{"start":{"line":35,"column":530},"end":{"line":35,"column":598}},"type":"binary-expr","locations":[{"start":{"line":35,"column":530},"end":{"line":35,"column":542}},{"start":{"line":35,"column":546},"end":{"line":35,"column":569}},{"start":{"line":35,"column":573},"end":{"line":35,"column":598}}],"line":35},"7":{"loc":{"start":{"line":35,"column":665},"end":{"line":35,"column":718}},"type":"if","locations":[{"start":{"line":35,"column":665},"end":{"line":35,"column":718}},{"start":{"line":35,"column":665},"end":{"line":35,"column":718}}],"line":35},"8":{"loc":{"start":{"line":35,"column":669},"end":{"line":35,"column":692}},"type":"binary-expr","locations":[{"start":{"line":35,"column":669},"end":{"line":35,"column":674}},{"start":{"line":35,"column":678},"end":{"line":35,"column":692}}],"line":35},"9":{"loc":{"start":{"line":35,"column":762},"end":{"line":35,"column":818}},"type":"binary-expr","locations":[{"start":{"line":35,"column":762},"end":{"line":35,"column":783}},{"start":{"line":35,"column":787},"end":{"line":35,"column":818}}],"line":35},"10":{"loc":{"start":{"line":35,"column":841},"end":{"line":35,"column":1089}},"type":"if","locations":[{"start":{"line":35,"column":841},"end":{"line":35,"column":1089}},{"start":{"line":35,"column":841},"end":{"line":35,"column":1089}}],"line":35},"11":{"loc":{"start":{"line":35,"column":905},"end":{"line":35,"column":977}},"type":"cond-expr","locations":[{"start":{"line":35,"column":929},"end":{"line":35,"column":970}},{"start":{"line":35,"column":973},"end":{"line":35,"column":977}}],"line":35},"12":{"loc":{"start":{"line":35,"column":978},"end":{"line":35,"column":1088}},"type":"if","locations":[{"start":{"line":35,"column":978},"end":{"line":35,"column":1088}},{"start":{"line":35,"column":978},"end":{"line":35,"column":1088}}],"line":35},"13":{"loc":{"start":{"line":35,"column":982},"end":{"line":35,"column":1012}},"type":"binary-expr","locations":[{"start":{"line":35,"column":982},"end":{"line":35,"column":986}},{"start":{"line":35,"column":991},"end":{"line":35,"column":999}},{"start":{"line":35,"column":1003},"end":{"line":35,"column":1011}}],"line":35},"14":{"loc":{"start":{"line":35,"column":1111},"end":{"line":35,"column":1147}},"type":"if","locations":[{"start":{"line":35,"column":1111},"end":{"line":35,"column":1147}},{"start":{"line":35,"column":1111},"end":{"line":35,"column":1147}}],"line":35},"15":{"loc":{"start":{"line":35,"column":1482},"end":{"line":35,"column":1517}},"type":"if","locations":[{"start":{"line":35,"column":1482},"end":{"line":35,"column":1517}},{"start":{"line":35,"column":1482},"end":{"line":35,"column":1517}}],"line":35},"16":{"loc":{"start":{"line":62,"column":6},"end":{"line":86,"column":7}},"type":"if","locations":[{"start":{"line":62,"column":6},"end":{"line":86,"column":7}},{"start":{"line":62,"column":6},"end":{"line":86,"column":7}}],"line":62},"17":{"loc":{"start":{"line":64,"column":13},"end":{"line":86,"column":7}},"type":"if","locations":[{"start":{"line":64,"column":13},"end":{"line":86,"column":7}},{"start":{"line":64,"column":13},"end":{"line":86,"column":7}}],"line":64},"18":{"loc":{"start":{"line":66,"column":13},"end":{"line":86,"column":7}},"type":"if","locations":[{"start":{"line":66,"column":13},"end":{"line":86,"column":7}},{"start":{"line":66,"column":13},"end":{"line":86,"column":7}}],"line":66},"19":{"loc":{"start":{"line":90,"column":2},"end":{"line":106,"column":3}},"type":"if","locations":[{"start":{"line":90,"column":2},"end":{"line":106,"column":3}},{"start":{"line":90,"column":2},"end":{"line":106,"column":3}}],"line":90},"20":{"loc":{"start":{"line":91,"column":4},"end":{"line":105,"column":5}},"type":"if","locations":[{"start":{"line":91,"column":4},"end":{"line":105,"column":5}},{"start":{"line":91,"column":4},"end":{"line":105,"column":5}}],"line":91},"21":{"loc":{"start":{"line":107,"column":2},"end":{"line":109,"column":3}},"type":"if","locations":[{"start":{"line":107,"column":2},"end":{"line":109,"column":3}},{"start":{"line":107,"column":2},"end":{"line":109,"column":3}}],"line":107},"22":{"loc":{"start":{"line":110,"column":2},"end":{"line":112,"column":3}},"type":"if","locations":[{"start":{"line":110,"column":2},"end":{"line":112,"column":3}},{"start":{"line":110,"column":2},"end":{"line":112,"column":3}}],"line":110}},"s":{"0":1,"1":1,"2":1,"3":1,"4":1,"5":1,"6":1,"7":1,"8":1,"9":1,"10":1,"11":1,"12":1,"13":1,"14":1,"15":1,"16":1,"17":5,"18":1,"19":0,"20":1,"21":1,"22":0,"23":1,"24":1,"25":0,"26":1,"27":0,"28":1,"29":1,"30":0,"31":1,"32":1,"33":1,"34":28,"35":28,"36":28,"37":0,"38":28,"39":1,"40":1,"41":1,"42":1,"43":1,"44":1,"45":0,"46":1,"47":1,"48":1,"49":1,"50":1,"51":1,"52":1,"53":11,"54":11,"55":11,"56":11,"57":11,"58":11,"59":1,"60":1,"61":0,"62":1,"63":0,"64":1,"65":1,"66":1,"67":1,"68":1,"69":1,"70":11,"71":4,"72":3,"73":1,"74":7,"75":6,"76":1,"77":1,"78":1,"79":1},"f":{"0":5,"1":1,"2":0,"3":1,"4":1,"5":0,"6":1,"7":11,"8":1,"9":1},"b":{"0":[4,1],"1":[5,5],"2":[0,1],"3":[0,1],"4":[1,1],"5":[0,1],"6":[1,1,0],"7":[0,1],"8":[1,1],"9":[1,1],"10":[28,0],"11":[28,0],"12":[0,28],"13":[28,28,28],"14":[1,0],"15":[1,0],"16":[0,1],"17":[0,1],"18":[1,0],"19":[4,7],"20":[3,1],"21":[6,1],"22":[1,0]},"inputSourceMap":null,"_coverageSchema":"1a1c01bbd47fc00a2c39e90264f33305004495a9","hash":"bc4dc7124caee455c145f21f91a81d2e6d73d093"}
,"/home/girish/iitb2020/intern/LearningProject/App/Components/DecagonView.js": {"path":"/home/girish/iitb2020/intern/LearningProject/App/Components/DecagonView.js","statementMap":{"0":{"start":{"line":1,"column":13},"end":{"line":1,"column":75}},"1":{"start":{"line":1,"column":75},"end":{"line":1,"column":104}},"2":{"start":{"line":3,"column":0},"end":{"line":3,"column":40}},"3":{"start":{"line":4,"column":13},"end":{"line":4,"column":54}},"4":{"start":{"line":5,"column":19},"end":{"line":5,"column":42}},"5":{"start":{"line":17,"column":14},"end":{"line":17,"column":49}},"6":{"start":{"line":18,"column":17},"end":{"line":18,"column":62}},"7":{"start":{"line":20,"column":20},"end":{"line":20,"column":66}},"8":{"start":{"line":27,"column":12},"end":{"line":27,"column":53}},"9":{"start":{"line":28,"column":16},"end":{"line":28,"column":61}},"10":{"start":{"line":29,"column":20},"end":{"line":29,"column":92}},"11":{"start":{"line":29,"column":105},"end":{"line":29,"column":109}},"12":{"start":{"line":29,"column":125},"end":{"line":29,"column":201}},"13":{"start":{"line":29,"column":240},"end":{"line":29,"column":294}},"14":{"start":{"line":29,"column":332},"end":{"line":29,"column":379}},"15":{"start":{"line":29,"column":367},"end":{"line":29,"column":379}},"16":{"start":{"line":29,"column":391},"end":{"line":29,"column":404}},"17":{"start":{"line":29,"column":405},"end":{"line":29,"column":484}},"18":{"start":{"line":29,"column":469},"end":{"line":29,"column":482}},"19":{"start":{"line":29,"column":484},"end":{"line":29,"column":497}},"20":{"start":{"line":29,"column":537},"end":{"line":29,"column":577}},"21":{"start":{"line":29,"column":565},"end":{"line":29,"column":576}},"22":{"start":{"line":29,"column":577},"end":{"line":29,"column":677}},"23":{"start":{"line":29,"column":652},"end":{"line":29,"column":676}},"24":{"start":{"line":29,"column":689},"end":{"line":29,"column":715}},"25":{"start":{"line":29,"column":716},"end":{"line":29,"column":769}},"26":{"start":{"line":29,"column":746},"end":{"line":29,"column":768}},"27":{"start":{"line":29,"column":782},"end":{"line":29,"column":784}},"28":{"start":{"line":29,"column":813},"end":{"line":29,"column":869}},"29":{"start":{"line":29,"column":870},"end":{"line":29,"column":1141}},"30":{"start":{"line":29,"column":892},"end":{"line":29,"column":1140}},"31":{"start":{"line":29,"column":956},"end":{"line":29,"column":1028}},"32":{"start":{"line":29,"column":1029},"end":{"line":29,"column":1139}},"33":{"start":{"line":29,"column":1066},"end":{"line":29,"column":1107}},"34":{"start":{"line":29,"column":1115},"end":{"line":29,"column":1138}},"35":{"start":{"line":29,"column":1141},"end":{"line":29,"column":1162}},"36":{"start":{"line":29,"column":1162},"end":{"line":29,"column":1198}},"37":{"start":{"line":29,"column":1174},"end":{"line":29,"column":1197}},"38":{"start":{"line":29,"column":1198},"end":{"line":29,"column":1212}},"39":{"start":{"line":29,"column":1246},"end":{"line":29,"column":1368}},"40":{"start":{"line":29,"column":1398},"end":{"line":29,"column":1559}},"41":{"start":{"line":29,"column":1609},"end":{"line":29,"column":1624}},"42":{"start":{"line":29,"column":1617},"end":{"line":29,"column":1624}},"43":{"start":{"line":29,"column":1624},"end":{"line":29,"column":1687}},"44":{"start":{"line":29,"column":1651},"end":{"line":29,"column":1687}},"45":{"start":{"line":29,"column":1695},"end":{"line":29,"column":1741}},"46":{"start":{"line":29,"column":1742},"end":{"line":29,"column":1802}},"47":{"start":{"line":29,"column":1779},"end":{"line":29,"column":1802}},"48":{"start":{"line":29,"column":1802},"end":{"line":29,"column":1855}},"49":{"start":{"line":29,"column":1834},"end":{"line":29,"column":1855}},"50":{"start":{"line":29,"column":1855},"end":{"line":29,"column":1968}},"51":{"start":{"line":29,"column":1932},"end":{"line":29,"column":1968}},"52":{"start":{"line":29,"column":2007},"end":{"line":29,"column":2061}},"53":{"start":{"line":29,"column":2044},"end":{"line":29,"column":2061}},"54":{"start":{"line":29,"column":2061},"end":{"line":29,"column":2133}},"55":{"start":{"line":29,"column":2074},"end":{"line":29,"column":2075}},"56":{"start":{"line":29,"column":2084},"end":{"line":29,"column":2098}},"57":{"start":{"line":29,"column":2115},"end":{"line":29,"column":2132}},"58":{"start":{"line":29,"column":2133},"end":{"line":29,"column":2145}},"59":{"start":{"line":29,"column":2186},"end":{"line":29,"column":2265}},"60":{"start":{"line":29,"column":2258},"end":{"line":29,"column":2265}},"61":{"start":{"line":29,"column":2276},"end":{"line":29,"column":2278}},"62":{"start":{"line":29,"column":2288},"end":{"line":29,"column":2292}},"63":{"start":{"line":29,"column":2302},"end":{"line":29,"column":2307}},"64":{"start":{"line":29,"column":2317},"end":{"line":29,"column":2326}},"65":{"start":{"line":29,"column":2327},"end":{"line":29,"column":2600}},"66":{"start":{"line":29,"column":2332},"end":{"line":29,"column":2472}},"67":{"start":{"line":29,"column":2346},"end":{"line":29,"column":2368}},"68":{"start":{"line":29,"column":2417},"end":{"line":29,"column":2437}},"69":{"start":{"line":29,"column":2437},"end":{"line":29,"column":2471}},"70":{"start":{"line":29,"column":2465},"end":{"line":29,"column":2471}},"71":{"start":{"line":29,"column":2487},"end":{"line":29,"column":2497}},"72":{"start":{"line":29,"column":2497},"end":{"line":29,"column":2506}},"73":{"start":{"line":29,"column":2517},"end":{"line":29,"column":2599}},"74":{"start":{"line":29,"column":2522},"end":{"line":29,"column":2570}},"75":{"start":{"line":29,"column":2555},"end":{"line":29,"column":2570}},"76":{"start":{"line":29,"column":2581},"end":{"line":29,"column":2598}},"77":{"start":{"line":29,"column":2589},"end":{"line":29,"column":2598}},"78":{"start":{"line":29,"column":2600},"end":{"line":29,"column":2612}},"79":{"start":{"line":29,"column":2644},"end":{"line":29,"column":2679}},"80":{"start":{"line":29,"column":2668},"end":{"line":29,"column":2679}},"81":{"start":{"line":36,"column":18},"end":{"line":99,"column":1}},"82":{"start":{"line":37,"column":2},"end":{"line":37,"column":22}},"83":{"start":{"line":38,"column":8},"end":{"line":38,"column":17}},"84":{"start":{"line":38,"column":31},"end":{"line":38,"column":47}},"85":{"start":{"line":38,"column":54},"end":{"line":38,"column":63}},"86":{"start":{"line":39,"column":2},"end":{"line":39,"column":26}},"87":{"start":{"line":39,"column":40},"end":{"line":39,"column":68}},"88":{"start":{"line":39,"column":82},"end":{"line":39,"column":95}},"89":{"start":{"line":39,"column":114},"end":{"line":39,"column":127}},"90":{"start":{"line":40,"column":2},"end":{"line":40,"column":29}},"91":{"start":{"line":40,"column":43},"end":{"line":40,"column":72}},"92":{"start":{"line":40,"column":92},"end":{"line":40,"column":105}},"93":{"start":{"line":40,"column":130},"end":{"line":40,"column":143}},"94":{"start":{"line":41,"column":2},"end":{"line":41,"column":26}},"95":{"start":{"line":41,"column":40},"end":{"line":41,"column":69}},"96":{"start":{"line":41,"column":80},"end":{"line":41,"column":93}},"97":{"start":{"line":41,"column":109},"end":{"line":41,"column":122}},"98":{"start":{"line":42,"column":17},"end":{"line":50,"column":87}},"99":{"start":{"line":42,"column":63},"end":{"line":50,"column":86}},"100":{"start":{"line":42,"column":125},"end":{"line":50,"column":56}},"101":{"start":{"line":42,"column":136},"end":{"line":50,"column":55}},"102":{"start":{"line":42,"column":183},"end":{"line":42,"column":201}},"103":{"start":{"line":42,"column":201},"end":{"line":43,"column":57}},"104":{"start":{"line":43,"column":64},"end":{"line":43,"column":90}},"105":{"start":{"line":43,"column":90},"end":{"line":43,"column":108}},"106":{"start":{"line":43,"column":108},"end":{"line":44,"column":56}},"107":{"start":{"line":44,"column":63},"end":{"line":44,"column":89}},"108":{"start":{"line":45,"column":12},"end":{"line":45,"column":35}},"109":{"start":{"line":46,"column":12},"end":{"line":50,"column":13}},"110":{"start":{"line":47,"column":14},"end":{"line":47,"column":42}},"111":{"start":{"line":48,"column":14},"end":{"line":48,"column":53}},"112":{"start":{"line":49,"column":14},"end":{"line":49,"column":50}},"113":{"start":{"line":50,"column":31},"end":{"line":50,"column":54}},"114":{"start":{"line":52,"column":2},"end":{"line":59,"column":51}},"115":{"start":{"line":55,"column":4},"end":{"line":58,"column":5}},"116":{"start":{"line":56,"column":6},"end":{"line":56,"column":25}},"117":{"start":{"line":57,"column":6},"end":{"line":57,"column":17}},"118":{"start":{"line":60,"column":2},"end":{"line":93,"column":113}},"119":{"start":{"line":99,"column":2},"end":{"line":99,"column":36}},"120":{"start":{"line":100,"column":13},"end":{"line":112,"column":25}}},"fnMap":{"0":{"name":"_interopRequireDefault","decl":{"start":{"line":29,"column":211},"end":{"line":29,"column":233}},"loc":{"start":{"line":29,"column":239},"end":{"line":29,"column":295}},"line":29},"1":{"name":"_getRequireWildcardCache","decl":{"start":{"line":29,"column":304},"end":{"line":29,"column":328}},"loc":{"start":{"line":29,"column":331},"end":{"line":29,"column":498}},"line":29},"2":{"name":"_getRequireWildcardCache","decl":{"start":{"line":29,"column":441},"end":{"line":29,"column":465}},"loc":{"start":{"line":29,"column":468},"end":{"line":29,"column":483}},"line":29},"3":{"name":"_interopRequireWildcard","decl":{"start":{"line":29,"column":507},"end":{"line":29,"column":530}},"loc":{"start":{"line":29,"column":536},"end":{"line":29,"column":1213}},"line":29},"4":{"name":"_slicedToArray","decl":{"start":{"line":29,"column":1222},"end":{"line":29,"column":1236}},"loc":{"start":{"line":29,"column":1245},"end":{"line":29,"column":1369}},"line":29},"5":{"name":"_nonIterableRest","decl":{"start":{"line":29,"column":1378},"end":{"line":29,"column":1394}},"loc":{"start":{"line":29,"column":1397},"end":{"line":29,"column":1560}},"line":29},"6":{"name":"_unsupportedIterableToArray","decl":{"start":{"line":29,"column":1569},"end":{"line":29,"column":1596}},"loc":{"start":{"line":29,"column":1608},"end":{"line":29,"column":1969}},"line":29},"7":{"name":"_arrayLikeToArray","decl":{"start":{"line":29,"column":1978},"end":{"line":29,"column":1995}},"loc":{"start":{"line":29,"column":2006},"end":{"line":29,"column":2146}},"line":29},"8":{"name":"_iterableToArrayLimit","decl":{"start":{"line":29,"column":2155},"end":{"line":29,"column":2176}},"loc":{"start":{"line":29,"column":2185},"end":{"line":29,"column":2613}},"line":29},"9":{"name":"_arrayWithHoles","decl":{"start":{"line":29,"column":2622},"end":{"line":29,"column":2637}},"loc":{"start":{"line":29,"column":2643},"end":{"line":29,"column":2680}},"line":29},"10":{"name":"DecagonView","decl":{"start":{"line":36,"column":27},"end":{"line":36,"column":38}},"loc":{"start":{"line":36,"column":46},"end":{"line":99,"column":1}},"line":36},"11":{"name":"getImage","decl":{"start":{"line":42,"column":26},"end":{"line":42,"column":34}},"loc":{"start":{"line":42,"column":37},"end":{"line":50,"column":87}},"line":42},"12":{"name":"getImage$","decl":{"start":{"line":42,"column":104},"end":{"line":42,"column":113}},"loc":{"start":{"line":42,"column":124},"end":{"line":50,"column":57}},"line":42},"13":{"name":"(anonymous_13)","decl":{"start":{"line":52,"column":24},"end":{"line":52,"column":25}},"loc":{"start":{"line":52,"column":36},"end":{"line":59,"column":3}},"line":52}},"branchMap":{"0":{"loc":{"start":{"line":29,"column":247},"end":{"line":29,"column":293}},"type":"cond-expr","locations":[{"start":{"line":29,"column":271},"end":{"line":29,"column":274}},{"start":{"line":29,"column":277},"end":{"line":29,"column":293}}],"line":29},"1":{"loc":{"start":{"line":29,"column":247},"end":{"line":29,"column":268}},"type":"binary-expr","locations":[{"start":{"line":29,"column":247},"end":{"line":29,"column":250}},{"start":{"line":29,"column":254},"end":{"line":29,"column":268}}],"line":29},"2":{"loc":{"start":{"line":29,"column":332},"end":{"line":29,"column":379}},"type":"if","locations":[{"start":{"line":29,"column":332},"end":{"line":29,"column":379}},{"start":{"line":29,"column":332},"end":{"line":29,"column":379}}],"line":29},"3":{"loc":{"start":{"line":29,"column":537},"end":{"line":29,"column":577}},"type":"if","locations":[{"start":{"line":29,"column":537},"end":{"line":29,"column":577}},{"start":{"line":29,"column":537},"end":{"line":29,"column":577}}],"line":29},"4":{"loc":{"start":{"line":29,"column":541},"end":{"line":29,"column":562}},"type":"binary-expr","locations":[{"start":{"line":29,"column":541},"end":{"line":29,"column":544}},{"start":{"line":29,"column":548},"end":{"line":29,"column":562}}],"line":29},"5":{"loc":{"start":{"line":29,"column":577},"end":{"line":29,"column":677}},"type":"if","locations":[{"start":{"line":29,"column":577},"end":{"line":29,"column":677}},{"start":{"line":29,"column":577},"end":{"line":29,"column":677}}],"line":29},"6":{"loc":{"start":{"line":29,"column":581},"end":{"line":29,"column":649}},"type":"binary-expr","locations":[{"start":{"line":29,"column":581},"end":{"line":29,"column":593}},{"start":{"line":29,"column":597},"end":{"line":29,"column":620}},{"start":{"line":29,"column":624},"end":{"line":29,"column":649}}],"line":29},"7":{"loc":{"start":{"line":29,"column":716},"end":{"line":29,"column":769}},"type":"if","locations":[{"start":{"line":29,"column":716},"end":{"line":29,"column":769}},{"start":{"line":29,"column":716},"end":{"line":29,"column":769}}],"line":29},"8":{"loc":{"start":{"line":29,"column":720},"end":{"line":29,"column":743}},"type":"binary-expr","locations":[{"start":{"line":29,"column":720},"end":{"line":29,"column":725}},{"start":{"line":29,"column":729},"end":{"line":29,"column":743}}],"line":29},"9":{"loc":{"start":{"line":29,"column":813},"end":{"line":29,"column":869}},"type":"binary-expr","locations":[{"start":{"line":29,"column":813},"end":{"line":29,"column":834}},{"start":{"line":29,"column":838},"end":{"line":29,"column":869}}],"line":29},"10":{"loc":{"start":{"line":29,"column":892},"end":{"line":29,"column":1140}},"type":"if","locations":[{"start":{"line":29,"column":892},"end":{"line":29,"column":1140}},{"start":{"line":29,"column":892},"end":{"line":29,"column":1140}}],"line":29},"11":{"loc":{"start":{"line":29,"column":956},"end":{"line":29,"column":1028}},"type":"cond-expr","locations":[{"start":{"line":29,"column":980},"end":{"line":29,"column":1021}},{"start":{"line":29,"column":1024},"end":{"line":29,"column":1028}}],"line":29},"12":{"loc":{"start":{"line":29,"column":1029},"end":{"line":29,"column":1139}},"type":"if","locations":[{"start":{"line":29,"column":1029},"end":{"line":29,"column":1139}},{"start":{"line":29,"column":1029},"end":{"line":29,"column":1139}}],"line":29},"13":{"loc":{"start":{"line":29,"column":1033},"end":{"line":29,"column":1063}},"type":"binary-expr","locations":[{"start":{"line":29,"column":1033},"end":{"line":29,"column":1037}},{"start":{"line":29,"column":1042},"end":{"line":29,"column":1050}},{"start":{"line":29,"column":1054},"end":{"line":29,"column":1062}}],"line":29},"14":{"loc":{"start":{"line":29,"column":1162},"end":{"line":29,"column":1198}},"type":"if","locations":[{"start":{"line":29,"column":1162},"end":{"line":29,"column":1198}},{"start":{"line":29,"column":1162},"end":{"line":29,"column":1198}}],"line":29},"15":{"loc":{"start":{"line":29,"column":1253},"end":{"line":29,"column":1367}},"type":"binary-expr","locations":[{"start":{"line":29,"column":1253},"end":{"line":29,"column":1273}},{"start":{"line":29,"column":1277},"end":{"line":29,"column":1306}},{"start":{"line":29,"column":1310},"end":{"line":29,"column":1345}},{"start":{"line":29,"column":1349},"end":{"line":29,"column":1367}}],"line":29},"16":{"loc":{"start":{"line":29,"column":1609},"end":{"line":29,"column":1624}},"type":"if","locations":[{"start":{"line":29,"column":1609},"end":{"line":29,"column":1624}},{"start":{"line":29,"column":1609},"end":{"line":29,"column":1624}}],"line":29},"17":{"loc":{"start":{"line":29,"column":1624},"end":{"line":29,"column":1687}},"type":"if","locations":[{"start":{"line":29,"column":1624},"end":{"line":29,"column":1687}},{"start":{"line":29,"column":1624},"end":{"line":29,"column":1687}}],"line":29},"18":{"loc":{"start":{"line":29,"column":1742},"end":{"line":29,"column":1802}},"type":"if","locations":[{"start":{"line":29,"column":1742},"end":{"line":29,"column":1802}},{"start":{"line":29,"column":1742},"end":{"line":29,"column":1802}}],"line":29},"19":{"loc":{"start":{"line":29,"column":1746},"end":{"line":29,"column":1777}},"type":"binary-expr","locations":[{"start":{"line":29,"column":1746},"end":{"line":29,"column":1760}},{"start":{"line":29,"column":1764},"end":{"line":29,"column":1777}}],"line":29},"20":{"loc":{"start":{"line":29,"column":1802},"end":{"line":29,"column":1855}},"type":"if","locations":[{"start":{"line":29,"column":1802},"end":{"line":29,"column":1855}},{"start":{"line":29,"column":1802},"end":{"line":29,"column":1855}}],"line":29},"21":{"loc":{"start":{"line":29,"column":1806},"end":{"line":29,"column":1832}},"type":"binary-expr","locations":[{"start":{"line":29,"column":1806},"end":{"line":29,"column":1817}},{"start":{"line":29,"column":1821},"end":{"line":29,"column":1832}}],"line":29},"22":{"loc":{"start":{"line":29,"column":1855},"end":{"line":29,"column":1968}},"type":"if","locations":[{"start":{"line":29,"column":1855},"end":{"line":29,"column":1968}},{"start":{"line":29,"column":1855},"end":{"line":29,"column":1968}}],"line":29},"23":{"loc":{"start":{"line":29,"column":1859},"end":{"line":29,"column":1930}},"type":"binary-expr","locations":[{"start":{"line":29,"column":1859},"end":{"line":29,"column":1876}},{"start":{"line":29,"column":1880},"end":{"line":29,"column":1930}}],"line":29},"24":{"loc":{"start":{"line":29,"column":2007},"end":{"line":29,"column":2061}},"type":"if","locations":[{"start":{"line":29,"column":2007},"end":{"line":29,"column":2061}},{"start":{"line":29,"column":2007},"end":{"line":29,"column":2061}}],"line":29},"25":{"loc":{"start":{"line":29,"column":2011},"end":{"line":29,"column":2042}},"type":"binary-expr","locations":[{"start":{"line":29,"column":2011},"end":{"line":29,"column":2022}},{"start":{"line":29,"column":2026},"end":{"line":29,"column":2042}}],"line":29},"26":{"loc":{"start":{"line":29,"column":2186},"end":{"line":29,"column":2265}},"type":"if","locations":[{"start":{"line":29,"column":2186},"end":{"line":29,"column":2265}},{"start":{"line":29,"column":2186},"end":{"line":29,"column":2265}}],"line":29},"27":{"loc":{"start":{"line":29,"column":2190},"end":{"line":29,"column":2256}},"type":"binary-expr","locations":[{"start":{"line":29,"column":2190},"end":{"line":29,"column":2219}},{"start":{"line":29,"column":2223},"end":{"line":29,"column":2256}}],"line":29},"28":{"loc":{"start":{"line":29,"column":2437},"end":{"line":29,"column":2471}},"type":"if","locations":[{"start":{"line":29,"column":2437},"end":{"line":29,"column":2471}},{"start":{"line":29,"column":2437},"end":{"line":29,"column":2471}}],"line":29},"29":{"loc":{"start":{"line":29,"column":2441},"end":{"line":29,"column":2463}},"type":"binary-expr","locations":[{"start":{"line":29,"column":2441},"end":{"line":29,"column":2442}},{"start":{"line":29,"column":2446},"end":{"line":29,"column":2463}}],"line":29},"30":{"loc":{"start":{"line":29,"column":2522},"end":{"line":29,"column":2570}},"type":"if","locations":[{"start":{"line":29,"column":2522},"end":{"line":29,"column":2570}},{"start":{"line":29,"column":2522},"end":{"line":29,"column":2570}}],"line":29},"31":{"loc":{"start":{"line":29,"column":2526},"end":{"line":29,"column":2553}},"type":"binary-expr","locations":[{"start":{"line":29,"column":2526},"end":{"line":29,"column":2529}},{"start":{"line":29,"column":2533},"end":{"line":29,"column":2553}}],"line":29},"32":{"loc":{"start":{"line":29,"column":2581},"end":{"line":29,"column":2598}},"type":"if","locations":[{"start":{"line":29,"column":2581},"end":{"line":29,"column":2598}},{"start":{"line":29,"column":2581},"end":{"line":29,"column":2598}}],"line":29},"33":{"loc":{"start":{"line":29,"column":2644},"end":{"line":29,"column":2679}},"type":"if","locations":[{"start":{"line":29,"column":2644},"end":{"line":29,"column":2679}},{"start":{"line":29,"column":2644},"end":{"line":29,"column":2679}}],"line":29},"34":{"loc":{"start":{"line":42,"column":136},"end":{"line":50,"column":55}},"type":"switch","locations":[{"start":{"line":42,"column":176},"end":{"line":43,"column":57}},{"start":{"line":43,"column":57},"end":{"line":44,"column":56}},{"start":{"line":44,"column":56},"end":{"line":50,"column":13}},{"start":{"line":50,"column":13},"end":{"line":50,"column":20}},{"start":{"line":50,"column":20},"end":{"line":50,"column":54}}],"line":42},"35":{"loc":{"start":{"line":46,"column":12},"end":{"line":50,"column":13}},"type":"if","locations":[{"start":{"line":46,"column":12},"end":{"line":50,"column":13}},{"start":{"line":46,"column":12},"end":{"line":50,"column":13}}],"line":46},"36":{"loc":{"start":{"line":55,"column":4},"end":{"line":58,"column":5}},"type":"if","locations":[{"start":{"line":55,"column":4},"end":{"line":58,"column":5}},{"start":{"line":55,"column":4},"end":{"line":58,"column":5}}],"line":55},"37":{"loc":{"start":{"line":62,"column":4},"end":{"line":79,"column":119}},"type":"binary-expr","locations":[{"start":{"line":62,"column":4},"end":{"line":62,"column":20}},{"start":{"line":63,"column":4},"end":{"line":79,"column":119}}],"line":62},"38":{"loc":{"start":{"line":84,"column":4},"end":{"line":93,"column":110}},"type":"binary-expr","locations":[{"start":{"line":84,"column":4},"end":{"line":84,"column":21}},{"start":{"line":85,"column":4},"end":{"line":93,"column":110}}],"line":84}},"s":{"0":3,"1":3,"2":3,"3":3,"4":3,"5":3,"6":3,"7":3,"8":3,"9":3,"10":3,"11":3,"12":3,"13":12,"14":3,"15":0,"16":3,"17":3,"18":0,"19":3,"20":3,"21":0,"22":3,"23":0,"24":3,"25":3,"26":0,"27":3,"28":3,"29":3,"30":84,"31":84,"32":84,"33":0,"34":84,"35":3,"36":3,"37":3,"38":3,"39":42,"40":0,"41":0,"42":0,"43":0,"44":0,"45":0,"46":0,"47":0,"48":0,"49":0,"50":0,"51":0,"52":0,"53":0,"54":0,"55":0,"56":0,"57":0,"58":0,"59":0,"60":0,"61":0,"62":0,"63":0,"64":0,"65":0,"66":0,"67":0,"68":0,"69":0,"70":0,"71":0,"72":0,"73":0,"74":0,"75":0,"76":0,"77":0,"78":0,"79":42,"80":42,"81":3,"82":14,"83":14,"84":14,"85":14,"86":14,"87":14,"88":14,"89":14,"90":14,"91":14,"92":14,"93":14,"94":14,"95":14,"96":14,"97":14,"98":14,"99":8,"100":32,"101":32,"102":8,"103":8,"104":8,"105":8,"106":8,"107":8,"108":8,"109":8,"110":8,"111":8,"112":0,"113":8,"114":14,"115":14,"116":8,"117":8,"118":14,"119":3,"120":3},"f":{"0":12,"1":3,"2":0,"3":3,"4":42,"5":0,"6":0,"7":0,"8":0,"9":42,"10":14,"11":8,"12":32,"13":14},"b":{"0":[9,3],"1":[12,12],"2":[0,3],"3":[0,3],"4":[3,3],"5":[0,3],"6":[3,3,0],"7":[0,3],"8":[3,3],"9":[3,3],"10":[84,0],"11":[84,0],"12":[0,84],"13":[84,84,84],"14":[3,0],"15":[42,0,0,0],"16":[0,0],"17":[0,0],"18":[0,0],"19":[0,0],"20":[0,0],"21":[0,0],"22":[0,0],"23":[0,0],"24":[0,0],"25":[0,0],"26":[0,0],"27":[0,0],"28":[0,0],"29":[0,0],"30":[0,0],"31":[0,0],"32":[0,0],"33":[42,0],"34":[8,8,8,0,8],"35":[8,0],"36":[8,6],"37":[14,6],"38":[14,8]},"inputSourceMap":null,"_coverageSchema":"1a1c01bbd47fc00a2c39e90264f33305004495a9","hash":"04afd06a0900ad704aa17d51493face89f3adf89"}
,"/home/girish/iitb2020/intern/LearningProject/App/Components/DrawPoly.js": {"path":"/home/girish/iitb2020/intern/LearningProject/App/Components/DrawPoly.js","statementMap":{"0":{"start":{"line":1,"column":13},"end":{"line":1,"column":75}},"1":{"start":{"line":1,"column":75},"end":{"line":1,"column":100}},"2":{"start":{"line":1,"column":113},"end":{"line":1,"column":154}},"3":{"start":{"line":2,"column":17},"end":{"line":2,"column":62}},"4":{"start":{"line":3,"column":22},"end":{"line":3,"column":74}},"5":{"start":{"line":5,"column":18},"end":{"line":5,"column":41}},"6":{"start":{"line":6,"column":19},"end":{"line":6,"column":42}},"7":{"start":{"line":11,"column":30},"end":{"line":11,"column":90}},"8":{"start":{"line":12,"column":20},"end":{"line":12,"column":92}},"9":{"start":{"line":13,"column":33},"end":{"line":13,"column":72}},"10":{"start":{"line":14,"column":14},"end":{"line":14,"column":39}},"11":{"start":{"line":14,"column":52},"end":{"line":14,"column":56}},"12":{"start":{"line":14,"column":72},"end":{"line":14,"column":145}},"13":{"start":{"line":14,"column":184},"end":{"line":14,"column":238}},"14":{"start":{"line":14,"column":276},"end":{"line":14,"column":323}},"15":{"start":{"line":14,"column":311},"end":{"line":14,"column":323}},"16":{"start":{"line":14,"column":335},"end":{"line":14,"column":348}},"17":{"start":{"line":14,"column":349},"end":{"line":14,"column":428}},"18":{"start":{"line":14,"column":413},"end":{"line":14,"column":426}},"19":{"start":{"line":14,"column":428},"end":{"line":14,"column":441}},"20":{"start":{"line":14,"column":481},"end":{"line":14,"column":521}},"21":{"start":{"line":14,"column":509},"end":{"line":14,"column":520}},"22":{"start":{"line":14,"column":521},"end":{"line":14,"column":621}},"23":{"start":{"line":14,"column":596},"end":{"line":14,"column":620}},"24":{"start":{"line":14,"column":633},"end":{"line":14,"column":659}},"25":{"start":{"line":14,"column":660},"end":{"line":14,"column":713}},"26":{"start":{"line":14,"column":690},"end":{"line":14,"column":712}},"27":{"start":{"line":14,"column":726},"end":{"line":14,"column":728}},"28":{"start":{"line":14,"column":757},"end":{"line":14,"column":813}},"29":{"start":{"line":14,"column":814},"end":{"line":14,"column":1085}},"30":{"start":{"line":14,"column":836},"end":{"line":14,"column":1084}},"31":{"start":{"line":14,"column":900},"end":{"line":14,"column":972}},"32":{"start":{"line":14,"column":973},"end":{"line":14,"column":1083}},"33":{"start":{"line":14,"column":1010},"end":{"line":14,"column":1051}},"34":{"start":{"line":14,"column":1059},"end":{"line":14,"column":1082}},"35":{"start":{"line":14,"column":1085},"end":{"line":14,"column":1106}},"36":{"start":{"line":14,"column":1106},"end":{"line":14,"column":1142}},"37":{"start":{"line":14,"column":1118},"end":{"line":14,"column":1141}},"38":{"start":{"line":14,"column":1142},"end":{"line":14,"column":1156}},"39":{"start":{"line":14,"column":1190},"end":{"line":14,"column":1312}},"40":{"start":{"line":14,"column":1342},"end":{"line":14,"column":1503}},"41":{"start":{"line":14,"column":1553},"end":{"line":14,"column":1568}},"42":{"start":{"line":14,"column":1561},"end":{"line":14,"column":1568}},"43":{"start":{"line":14,"column":1568},"end":{"line":14,"column":1631}},"44":{"start":{"line":14,"column":1595},"end":{"line":14,"column":1631}},"45":{"start":{"line":14,"column":1639},"end":{"line":14,"column":1685}},"46":{"start":{"line":14,"column":1686},"end":{"line":14,"column":1746}},"47":{"start":{"line":14,"column":1723},"end":{"line":14,"column":1746}},"48":{"start":{"line":14,"column":1746},"end":{"line":14,"column":1799}},"49":{"start":{"line":14,"column":1778},"end":{"line":14,"column":1799}},"50":{"start":{"line":14,"column":1799},"end":{"line":14,"column":1912}},"51":{"start":{"line":14,"column":1876},"end":{"line":14,"column":1912}},"52":{"start":{"line":14,"column":1951},"end":{"line":14,"column":2005}},"53":{"start":{"line":14,"column":1988},"end":{"line":14,"column":2005}},"54":{"start":{"line":14,"column":2005},"end":{"line":14,"column":2077}},"55":{"start":{"line":14,"column":2018},"end":{"line":14,"column":2019}},"56":{"start":{"line":14,"column":2028},"end":{"line":14,"column":2042}},"57":{"start":{"line":14,"column":2059},"end":{"line":14,"column":2076}},"58":{"start":{"line":14,"column":2077},"end":{"line":14,"column":2089}},"59":{"start":{"line":14,"column":2130},"end":{"line":14,"column":2209}},"60":{"start":{"line":14,"column":2202},"end":{"line":14,"column":2209}},"61":{"start":{"line":14,"column":2220},"end":{"line":14,"column":2222}},"62":{"start":{"line":14,"column":2232},"end":{"line":14,"column":2236}},"63":{"start":{"line":14,"column":2246},"end":{"line":14,"column":2251}},"64":{"start":{"line":14,"column":2261},"end":{"line":14,"column":2270}},"65":{"start":{"line":14,"column":2271},"end":{"line":14,"column":2544}},"66":{"start":{"line":14,"column":2276},"end":{"line":14,"column":2416}},"67":{"start":{"line":14,"column":2290},"end":{"line":14,"column":2312}},"68":{"start":{"line":14,"column":2361},"end":{"line":14,"column":2381}},"69":{"start":{"line":14,"column":2381},"end":{"line":14,"column":2415}},"70":{"start":{"line":14,"column":2409},"end":{"line":14,"column":2415}},"71":{"start":{"line":14,"column":2431},"end":{"line":14,"column":2441}},"72":{"start":{"line":14,"column":2441},"end":{"line":14,"column":2450}},"73":{"start":{"line":14,"column":2461},"end":{"line":14,"column":2543}},"74":{"start":{"line":14,"column":2466},"end":{"line":14,"column":2514}},"75":{"start":{"line":14,"column":2499},"end":{"line":14,"column":2514}},"76":{"start":{"line":14,"column":2525},"end":{"line":14,"column":2542}},"77":{"start":{"line":14,"column":2533},"end":{"line":14,"column":2542}},"78":{"start":{"line":14,"column":2544},"end":{"line":14,"column":2556}},"79":{"start":{"line":14,"column":2588},"end":{"line":14,"column":2623}},"80":{"start":{"line":14,"column":2612},"end":{"line":14,"column":2623}},"81":{"start":{"line":14,"column":2663},"end":{"line":14,"column":2838}},"82":{"start":{"line":14,"column":2839},"end":{"line":14,"column":2899}},"83":{"start":{"line":14,"column":2885},"end":{"line":14,"column":2897}},"84":{"start":{"line":14,"column":2899},"end":{"line":14,"column":2911}},"85":{"start":{"line":14,"column":2964},"end":{"line":14,"column":2999}},"86":{"start":{"line":14,"column":2975},"end":{"line":14,"column":2998}},"87":{"start":{"line":14,"column":2999},"end":{"line":14,"column":3017}},"88":{"start":{"line":14,"column":3017},"end":{"line":14,"column":3032}},"89":{"start":{"line":15,"column":18},"end":{"line":15,"column":53}},"90":{"start":{"line":24,"column":15},"end":{"line":190,"column":1}},"91":{"start":{"line":25,"column":2},"end":{"line":25,"column":39}},"92":{"start":{"line":25,"column":56},"end":{"line":25,"column":87}},"93":{"start":{"line":25,"column":101},"end":{"line":25,"column":117}},"94":{"start":{"line":25,"column":125},"end":{"line":25,"column":146}},"95":{"start":{"line":27,"column":2},"end":{"line":27,"column":19}},"96":{"start":{"line":28,"column":2},"end":{"line":28,"column":26}},"97":{"start":{"line":86,"column":20},"end":{"line":126,"column":3}},"98":{"start":{"line":87,"column":4},"end":{"line":124,"column":7}},"99":{"start":{"line":99,"column":6},"end":{"line":123,"column":7}},"100":{"start":{"line":100,"column":8},"end":{"line":100,"column":51}},"101":{"start":{"line":101,"column":13},"end":{"line":123,"column":7}},"102":{"start":{"line":102,"column":8},"end":{"line":102,"column":59}},"103":{"start":{"line":103,"column":13},"end":{"line":123,"column":7}},"104":{"start":{"line":104,"column":8},"end":{"line":106,"column":31}},"105":{"start":{"line":108,"column":21},"end":{"line":108,"column":42}},"106":{"start":{"line":109,"column":8},"end":{"line":109,"column":28}},"107":{"start":{"line":110,"column":8},"end":{"line":110,"column":30}},"108":{"start":{"line":113,"column":8},"end":{"line":113,"column":76}},"109":{"start":{"line":114,"column":8},"end":{"line":114,"column":68}},"110":{"start":{"line":127,"column":15},"end":{"line":127,"column":17}},"111":{"start":{"line":128,"column":2},"end":{"line":135,"column":3}},"112":{"start":{"line":128,"column":15},"end":{"line":128,"column":16}},"113":{"start":{"line":129,"column":13},"end":{"line":129,"column":36}},"114":{"start":{"line":130,"column":13},"end":{"line":130,"column":36}},"115":{"start":{"line":131,"column":4},"end":{"line":133,"column":81}},"116":{"start":{"line":136,"column":15},"end":{"line":136,"column":17}},"117":{"start":{"line":137,"column":2},"end":{"line":148,"column":3}},"118":{"start":{"line":137,"column":17},"end":{"line":137,"column":18}},"119":{"start":{"line":138,"column":14},"end":{"line":138,"column":37}},"120":{"start":{"line":139,"column":14},"end":{"line":139,"column":37}},"121":{"start":{"line":140,"column":4},"end":{"line":146,"column":81}},"122":{"start":{"line":149,"column":18},"end":{"line":149,"column":20}},"123":{"start":{"line":150,"column":19},"end":{"line":150,"column":21}},"124":{"start":{"line":151,"column":2},"end":{"line":153,"column":5}},"125":{"start":{"line":152,"column":4},"end":{"line":152,"column":43}},"126":{"start":{"line":154,"column":2},"end":{"line":156,"column":5}},"127":{"start":{"line":155,"column":4},"end":{"line":155,"column":44}},"128":{"start":{"line":159,"column":2},"end":{"line":186,"column":100}},"129":{"start":{"line":184,"column":8},"end":{"line":184,"column":40}},"130":{"start":{"line":185,"column":8},"end":{"line":185,"column":69}},"131":{"start":{"line":192,"column":0},"end":{"line":204,"column":33}},"132":{"start":{"line":207,"column":0},"end":{"line":207,"column":8}},"133":{"start":{"line":207,"column":9},"end":{"line":207,"column":36}}},"fnMap":{"0":{"name":"_interopRequireDefault","decl":{"start":{"line":14,"column":155},"end":{"line":14,"column":177}},"loc":{"start":{"line":14,"column":183},"end":{"line":14,"column":239}},"line":14},"1":{"name":"_getRequireWildcardCache","decl":{"start":{"line":14,"column":248},"end":{"line":14,"column":272}},"loc":{"start":{"line":14,"column":275},"end":{"line":14,"column":442}},"line":14},"2":{"name":"_getRequireWildcardCache","decl":{"start":{"line":14,"column":385},"end":{"line":14,"column":409}},"loc":{"start":{"line":14,"column":412},"end":{"line":14,"column":427}},"line":14},"3":{"name":"_interopRequireWildcard","decl":{"start":{"line":14,"column":451},"end":{"line":14,"column":474}},"loc":{"start":{"line":14,"column":480},"end":{"line":14,"column":1157}},"line":14},"4":{"name":"_slicedToArray","decl":{"start":{"line":14,"column":1166},"end":{"line":14,"column":1180}},"loc":{"start":{"line":14,"column":1189},"end":{"line":14,"column":1313}},"line":14},"5":{"name":"_nonIterableRest","decl":{"start":{"line":14,"column":1322},"end":{"line":14,"column":1338}},"loc":{"start":{"line":14,"column":1341},"end":{"line":14,"column":1504}},"line":14},"6":{"name":"_unsupportedIterableToArray","decl":{"start":{"line":14,"column":1513},"end":{"line":14,"column":1540}},"loc":{"start":{"line":14,"column":1552},"end":{"line":14,"column":1913}},"line":14},"7":{"name":"_arrayLikeToArray","decl":{"start":{"line":14,"column":1922},"end":{"line":14,"column":1939}},"loc":{"start":{"line":14,"column":1950},"end":{"line":14,"column":2090}},"line":14},"8":{"name":"_iterableToArrayLimit","decl":{"start":{"line":14,"column":2099},"end":{"line":14,"column":2120}},"loc":{"start":{"line":14,"column":2129},"end":{"line":14,"column":2557}},"line":14},"9":{"name":"_arrayWithHoles","decl":{"start":{"line":14,"column":2566},"end":{"line":14,"column":2581}},"loc":{"start":{"line":14,"column":2587},"end":{"line":14,"column":2624}},"line":14},"10":{"name":"_templateObject","decl":{"start":{"line":14,"column":2633},"end":{"line":14,"column":2648}},"loc":{"start":{"line":14,"column":2651},"end":{"line":14,"column":2912}},"line":14},"11":{"name":"_templateObject","decl":{"start":{"line":14,"column":2866},"end":{"line":14,"column":2881}},"loc":{"start":{"line":14,"column":2884},"end":{"line":14,"column":2898}},"line":14},"12":{"name":"_taggedTemplateLiteralLoose","decl":{"start":{"line":14,"column":2921},"end":{"line":14,"column":2948}},"loc":{"start":{"line":14,"column":2963},"end":{"line":14,"column":3033}},"line":14},"13":{"name":"DrawPoly","decl":{"start":{"line":24,"column":24},"end":{"line":24,"column":32}},"loc":{"start":{"line":24,"column":40},"end":{"line":190,"column":1}},"line":24},"14":{"name":"photoTapped","decl":{"start":{"line":86,"column":29},"end":{"line":86,"column":40}},"loc":{"start":{"line":86,"column":43},"end":{"line":126,"column":3}},"line":86},"15":{"name":"(anonymous_15)","decl":{"start":{"line":98,"column":4},"end":{"line":98,"column":5}},"loc":{"start":{"line":98,"column":24},"end":{"line":124,"column":5}},"line":98},"16":{"name":"(anonymous_16)","decl":{"start":{"line":151,"column":17},"end":{"line":151,"column":18}},"loc":{"start":{"line":151,"column":32},"end":{"line":153,"column":3}},"line":151},"17":{"name":"(anonymous_17)","decl":{"start":{"line":154,"column":17},"end":{"line":154,"column":18}},"loc":{"start":{"line":154,"column":32},"end":{"line":156,"column":3}},"line":154},"18":{"name":"onPress","decl":{"start":{"line":183,"column":24},"end":{"line":183,"column":31}},"loc":{"start":{"line":183,"column":34},"end":{"line":186,"column":7}},"line":183}},"branchMap":{"0":{"loc":{"start":{"line":14,"column":191},"end":{"line":14,"column":237}},"type":"cond-expr","locations":[{"start":{"line":14,"column":215},"end":{"line":14,"column":218}},{"start":{"line":14,"column":221},"end":{"line":14,"column":237}}],"line":14},"1":{"loc":{"start":{"line":14,"column":191},"end":{"line":14,"column":212}},"type":"binary-expr","locations":[{"start":{"line":14,"column":191},"end":{"line":14,"column":194}},{"start":{"line":14,"column":198},"end":{"line":14,"column":212}}],"line":14},"2":{"loc":{"start":{"line":14,"column":276},"end":{"line":14,"column":323}},"type":"if","locations":[{"start":{"line":14,"column":276},"end":{"line":14,"column":323}},{"start":{"line":14,"column":276},"end":{"line":14,"column":323}}],"line":14},"3":{"loc":{"start":{"line":14,"column":481},"end":{"line":14,"column":521}},"type":"if","locations":[{"start":{"line":14,"column":481},"end":{"line":14,"column":521}},{"start":{"line":14,"column":481},"end":{"line":14,"column":521}}],"line":14},"4":{"loc":{"start":{"line":14,"column":485},"end":{"line":14,"column":506}},"type":"binary-expr","locations":[{"start":{"line":14,"column":485},"end":{"line":14,"column":488}},{"start":{"line":14,"column":492},"end":{"line":14,"column":506}}],"line":14},"5":{"loc":{"start":{"line":14,"column":521},"end":{"line":14,"column":621}},"type":"if","locations":[{"start":{"line":14,"column":521},"end":{"line":14,"column":621}},{"start":{"line":14,"column":521},"end":{"line":14,"column":621}}],"line":14},"6":{"loc":{"start":{"line":14,"column":525},"end":{"line":14,"column":593}},"type":"binary-expr","locations":[{"start":{"line":14,"column":525},"end":{"line":14,"column":537}},{"start":{"line":14,"column":541},"end":{"line":14,"column":564}},{"start":{"line":14,"column":568},"end":{"line":14,"column":593}}],"line":14},"7":{"loc":{"start":{"line":14,"column":660},"end":{"line":14,"column":713}},"type":"if","locations":[{"start":{"line":14,"column":660},"end":{"line":14,"column":713}},{"start":{"line":14,"column":660},"end":{"line":14,"column":713}}],"line":14},"8":{"loc":{"start":{"line":14,"column":664},"end":{"line":14,"column":687}},"type":"binary-expr","locations":[{"start":{"line":14,"column":664},"end":{"line":14,"column":669}},{"start":{"line":14,"column":673},"end":{"line":14,"column":687}}],"line":14},"9":{"loc":{"start":{"line":14,"column":757},"end":{"line":14,"column":813}},"type":"binary-expr","locations":[{"start":{"line":14,"column":757},"end":{"line":14,"column":778}},{"start":{"line":14,"column":782},"end":{"line":14,"column":813}}],"line":14},"10":{"loc":{"start":{"line":14,"column":836},"end":{"line":14,"column":1084}},"type":"if","locations":[{"start":{"line":14,"column":836},"end":{"line":14,"column":1084}},{"start":{"line":14,"column":836},"end":{"line":14,"column":1084}}],"line":14},"11":{"loc":{"start":{"line":14,"column":900},"end":{"line":14,"column":972}},"type":"cond-expr","locations":[{"start":{"line":14,"column":924},"end":{"line":14,"column":965}},{"start":{"line":14,"column":968},"end":{"line":14,"column":972}}],"line":14},"12":{"loc":{"start":{"line":14,"column":973},"end":{"line":14,"column":1083}},"type":"if","locations":[{"start":{"line":14,"column":973},"end":{"line":14,"column":1083}},{"start":{"line":14,"column":973},"end":{"line":14,"column":1083}}],"line":14},"13":{"loc":{"start":{"line":14,"column":977},"end":{"line":14,"column":1007}},"type":"binary-expr","locations":[{"start":{"line":14,"column":977},"end":{"line":14,"column":981}},{"start":{"line":14,"column":986},"end":{"line":14,"column":994}},{"start":{"line":14,"column":998},"end":{"line":14,"column":1006}}],"line":14},"14":{"loc":{"start":{"line":14,"column":1106},"end":{"line":14,"column":1142}},"type":"if","locations":[{"start":{"line":14,"column":1106},"end":{"line":14,"column":1142}},{"start":{"line":14,"column":1106},"end":{"line":14,"column":1142}}],"line":14},"15":{"loc":{"start":{"line":14,"column":1197},"end":{"line":14,"column":1311}},"type":"binary-expr","locations":[{"start":{"line":14,"column":1197},"end":{"line":14,"column":1217}},{"start":{"line":14,"column":1221},"end":{"line":14,"column":1250}},{"start":{"line":14,"column":1254},"end":{"line":14,"column":1289}},{"start":{"line":14,"column":1293},"end":{"line":14,"column":1311}}],"line":14},"16":{"loc":{"start":{"line":14,"column":1553},"end":{"line":14,"column":1568}},"type":"if","locations":[{"start":{"line":14,"column":1553},"end":{"line":14,"column":1568}},{"start":{"line":14,"column":1553},"end":{"line":14,"column":1568}}],"line":14},"17":{"loc":{"start":{"line":14,"column":1568},"end":{"line":14,"column":1631}},"type":"if","locations":[{"start":{"line":14,"column":1568},"end":{"line":14,"column":1631}},{"start":{"line":14,"column":1568},"end":{"line":14,"column":1631}}],"line":14},"18":{"loc":{"start":{"line":14,"column":1686},"end":{"line":14,"column":1746}},"type":"if","locations":[{"start":{"line":14,"column":1686},"end":{"line":14,"column":1746}},{"start":{"line":14,"column":1686},"end":{"line":14,"column":1746}}],"line":14},"19":{"loc":{"start":{"line":14,"column":1690},"end":{"line":14,"column":1721}},"type":"binary-expr","locations":[{"start":{"line":14,"column":1690},"end":{"line":14,"column":1704}},{"start":{"line":14,"column":1708},"end":{"line":14,"column":1721}}],"line":14},"20":{"loc":{"start":{"line":14,"column":1746},"end":{"line":14,"column":1799}},"type":"if","locations":[{"start":{"line":14,"column":1746},"end":{"line":14,"column":1799}},{"start":{"line":14,"column":1746},"end":{"line":14,"column":1799}}],"line":14},"21":{"loc":{"start":{"line":14,"column":1750},"end":{"line":14,"column":1776}},"type":"binary-expr","locations":[{"start":{"line":14,"column":1750},"end":{"line":14,"column":1761}},{"start":{"line":14,"column":1765},"end":{"line":14,"column":1776}}],"line":14},"22":{"loc":{"start":{"line":14,"column":1799},"end":{"line":14,"column":1912}},"type":"if","locations":[{"start":{"line":14,"column":1799},"end":{"line":14,"column":1912}},{"start":{"line":14,"column":1799},"end":{"line":14,"column":1912}}],"line":14},"23":{"loc":{"start":{"line":14,"column":1803},"end":{"line":14,"column":1874}},"type":"binary-expr","locations":[{"start":{"line":14,"column":1803},"end":{"line":14,"column":1820}},{"start":{"line":14,"column":1824},"end":{"line":14,"column":1874}}],"line":14},"24":{"loc":{"start":{"line":14,"column":1951},"end":{"line":14,"column":2005}},"type":"if","locations":[{"start":{"line":14,"column":1951},"end":{"line":14,"column":2005}},{"start":{"line":14,"column":1951},"end":{"line":14,"column":2005}}],"line":14},"25":{"loc":{"start":{"line":14,"column":1955},"end":{"line":14,"column":1986}},"type":"binary-expr","locations":[{"start":{"line":14,"column":1955},"end":{"line":14,"column":1966}},{"start":{"line":14,"column":1970},"end":{"line":14,"column":1986}}],"line":14},"26":{"loc":{"start":{"line":14,"column":2130},"end":{"line":14,"column":2209}},"type":"if","locations":[{"start":{"line":14,"column":2130},"end":{"line":14,"column":2209}},{"start":{"line":14,"column":2130},"end":{"line":14,"column":2209}}],"line":14},"27":{"loc":{"start":{"line":14,"column":2134},"end":{"line":14,"column":2200}},"type":"binary-expr","locations":[{"start":{"line":14,"column":2134},"end":{"line":14,"column":2163}},{"start":{"line":14,"column":2167},"end":{"line":14,"column":2200}}],"line":14},"28":{"loc":{"start":{"line":14,"column":2381},"end":{"line":14,"column":2415}},"type":"if","locations":[{"start":{"line":14,"column":2381},"end":{"line":14,"column":2415}},{"start":{"line":14,"column":2381},"end":{"line":14,"column":2415}}],"line":14},"29":{"loc":{"start":{"line":14,"column":2385},"end":{"line":14,"column":2407}},"type":"binary-expr","locations":[{"start":{"line":14,"column":2385},"end":{"line":14,"column":2386}},{"start":{"line":14,"column":2390},"end":{"line":14,"column":2407}}],"line":14},"30":{"loc":{"start":{"line":14,"column":2466},"end":{"line":14,"column":2514}},"type":"if","locations":[{"start":{"line":14,"column":2466},"end":{"line":14,"column":2514}},{"start":{"line":14,"column":2466},"end":{"line":14,"column":2514}}],"line":14},"31":{"loc":{"start":{"line":14,"column":2470},"end":{"line":14,"column":2497}},"type":"binary-expr","locations":[{"start":{"line":14,"column":2470},"end":{"line":14,"column":2473}},{"start":{"line":14,"column":2477},"end":{"line":14,"column":2497}}],"line":14},"32":{"loc":{"start":{"line":14,"column":2525},"end":{"line":14,"column":2542}},"type":"if","locations":[{"start":{"line":14,"column":2525},"end":{"line":14,"column":2542}},{"start":{"line":14,"column":2525},"end":{"line":14,"column":2542}}],"line":14},"33":{"loc":{"start":{"line":14,"column":2588},"end":{"line":14,"column":2623}},"type":"if","locations":[{"start":{"line":14,"column":2588},"end":{"line":14,"column":2623}},{"start":{"line":14,"column":2588},"end":{"line":14,"column":2623}}],"line":14},"34":{"loc":{"start":{"line":14,"column":2964},"end":{"line":14,"column":2999}},"type":"if","locations":[{"start":{"line":14,"column":2964},"end":{"line":14,"column":2999}},{"start":{"line":14,"column":2964},"end":{"line":14,"column":2999}}],"line":14},"35":{"loc":{"start":{"line":99,"column":6},"end":{"line":123,"column":7}},"type":"if","locations":[{"start":{"line":99,"column":6},"end":{"line":123,"column":7}},{"start":{"line":99,"column":6},"end":{"line":123,"column":7}}],"line":99},"36":{"loc":{"start":{"line":101,"column":13},"end":{"line":123,"column":7}},"type":"if","locations":[{"start":{"line":101,"column":13},"end":{"line":123,"column":7}},{"start":{"line":101,"column":13},"end":{"line":123,"column":7}}],"line":101},"37":{"loc":{"start":{"line":103,"column":13},"end":{"line":123,"column":7}},"type":"if","locations":[{"start":{"line":103,"column":13},"end":{"line":123,"column":7}},{"start":{"line":103,"column":13},"end":{"line":123,"column":7}}],"line":103},"38":{"loc":{"start":{"line":129,"column":13},"end":{"line":129,"column":36}},"type":"binary-expr","locations":[{"start":{"line":129,"column":13},"end":{"line":129,"column":21}},{"start":{"line":129,"column":25},"end":{"line":129,"column":36}}],"line":129},"39":{"loc":{"start":{"line":130,"column":13},"end":{"line":130,"column":36}},"type":"binary-expr","locations":[{"start":{"line":130,"column":13},"end":{"line":130,"column":21}},{"start":{"line":130,"column":25},"end":{"line":130,"column":36}}],"line":130},"40":{"loc":{"start":{"line":138,"column":14},"end":{"line":138,"column":37}},"type":"binary-expr","locations":[{"start":{"line":138,"column":14},"end":{"line":138,"column":22}},{"start":{"line":138,"column":26},"end":{"line":138,"column":37}}],"line":138},"41":{"loc":{"start":{"line":139,"column":14},"end":{"line":139,"column":37}},"type":"binary-expr","locations":[{"start":{"line":139,"column":14},"end":{"line":139,"column":22}},{"start":{"line":139,"column":26},"end":{"line":139,"column":37}}],"line":139},"42":{"loc":{"start":{"line":161,"column":13},"end":{"line":161,"column":45}},"type":"binary-expr","locations":[{"start":{"line":161,"column":13},"end":{"line":161,"column":24}},{"start":{"line":161,"column":28},"end":{"line":161,"column":45}}],"line":161},"43":{"loc":{"start":{"line":162,"column":14},"end":{"line":162,"column":47}},"type":"binary-expr","locations":[{"start":{"line":162,"column":14},"end":{"line":162,"column":26}},{"start":{"line":162,"column":30},"end":{"line":162,"column":47}}],"line":162}},"s":{"0":3,"1":3,"2":3,"3":3,"4":3,"5":3,"6":3,"7":3,"8":3,"9":3,"10":3,"11":3,"12":3,"13":9,"14":3,"15":0,"16":3,"17":3,"18":0,"19":3,"20":6,"21":3,"22":3,"23":0,"24":3,"25":3,"26":0,"27":3,"28":3,"29":3,"30":84,"31":84,"32":84,"33":0,"34":84,"35":3,"36":3,"37":3,"38":3,"39":18,"40":0,"41":0,"42":0,"43":0,"44":0,"45":0,"46":0,"47":0,"48":0,"49":0,"50":0,"51":0,"52":0,"53":0,"54":0,"55":0,"56":0,"57":0,"58":0,"59":0,"60":0,"61":0,"62":0,"63":0,"64":0,"65":0,"66":0,"67":0,"68":0,"69":0,"70":0,"71":0,"72":0,"73":0,"74":0,"75":0,"76":0,"77":0,"78":0,"79":18,"80":18,"81":3,"82":3,"83":0,"84":3,"85":3,"86":3,"87":3,"88":3,"89":3,"90":3,"91":18,"92":18,"93":18,"94":18,"95":18,"96":18,"97":18,"98":2,"99":2,"100":0,"101":2,"102":0,"103":2,"104":2,"105":2,"106":2,"107":2,"108":2,"109":2,"110":18,"111":18,"112":18,"113":198,"114":198,"115":198,"116":18,"117":18,"118":18,"119":198,"120":198,"121":198,"122":18,"123":18,"124":18,"125":198,"126":18,"127":198,"128":18,"129":2,"130":2,"131":3,"132":3,"133":3},"f":{"0":9,"1":3,"2":0,"3":6,"4":18,"5":0,"6":0,"7":0,"8":0,"9":18,"10":3,"11":0,"12":3,"13":18,"14":2,"15":2,"16":198,"17":198,"18":2},"b":{"0":[6,3],"1":[9,9],"2":[0,3],"3":[3,3],"4":[6,6],"5":[0,3],"6":[3,3,0],"7":[0,3],"8":[3,3],"9":[3,3],"10":[84,0],"11":[84,0],"12":[0,84],"13":[84,84,84],"14":[3,0],"15":[18,0,0,0],"16":[0,0],"17":[0,0],"18":[0,0],"19":[0,0],"20":[0,0],"21":[0,0],"22":[0,0],"23":[0,0],"24":[0,0],"25":[0,0],"26":[0,0],"27":[0,0],"28":[0,0],"29":[0,0],"30":[0,0],"31":[0,0],"32":[0,0],"33":[18,0],"34":[3,0],"35":[0,2],"36":[0,2],"37":[2,0],"38":[198,198],"39":[198,198],"40":[198,198],"41":[198,198],"42":[18,18],"43":[18,18]},"inputSourceMap":null,"_coverageSchema":"1a1c01bbd47fc00a2c39e90264f33305004495a9","hash":"b95a0ffcbeeee7362c0e84793c95588a8d7d3ef0"}
,"/home/girish/iitb2020/intern/LearningProject/App/Components/IconButton.js": {"path":"/home/girish/iitb2020/intern/LearningProject/App/Components/IconButton.js","statementMap":{"0":{"start":{"line":1,"column":13},"end":{"line":1,"column":75}},"1":{"start":{"line":1,"column":75},"end":{"line":1,"column":104}},"2":{"start":{"line":3,"column":0},"end":{"line":3,"column":40}},"3":{"start":{"line":4,"column":13},"end":{"line":4,"column":54}},"4":{"start":{"line":5,"column":19},"end":{"line":5,"column":42}},"5":{"start":{"line":7,"column":21},"end":{"line":7,"column":95}},"6":{"start":{"line":8,"column":17},"end":{"line":8,"column":62}},"7":{"start":{"line":10,"column":20},"end":{"line":10,"column":92}},"8":{"start":{"line":10,"column":105},"end":{"line":10,"column":109}},"9":{"start":{"line":10,"column":125},"end":{"line":10,"column":200}},"10":{"start":{"line":10,"column":239},"end":{"line":10,"column":293}},"11":{"start":{"line":10,"column":331},"end":{"line":10,"column":378}},"12":{"start":{"line":10,"column":366},"end":{"line":10,"column":378}},"13":{"start":{"line":10,"column":390},"end":{"line":10,"column":403}},"14":{"start":{"line":10,"column":404},"end":{"line":10,"column":483}},"15":{"start":{"line":10,"column":468},"end":{"line":10,"column":481}},"16":{"start":{"line":10,"column":483},"end":{"line":10,"column":496}},"17":{"start":{"line":10,"column":536},"end":{"line":10,"column":576}},"18":{"start":{"line":10,"column":564},"end":{"line":10,"column":575}},"19":{"start":{"line":10,"column":576},"end":{"line":10,"column":676}},"20":{"start":{"line":10,"column":651},"end":{"line":10,"column":675}},"21":{"start":{"line":10,"column":688},"end":{"line":10,"column":714}},"22":{"start":{"line":10,"column":715},"end":{"line":10,"column":768}},"23":{"start":{"line":10,"column":745},"end":{"line":10,"column":767}},"24":{"start":{"line":10,"column":781},"end":{"line":10,"column":783}},"25":{"start":{"line":10,"column":812},"end":{"line":10,"column":868}},"26":{"start":{"line":10,"column":869},"end":{"line":10,"column":1140}},"27":{"start":{"line":10,"column":891},"end":{"line":10,"column":1139}},"28":{"start":{"line":10,"column":955},"end":{"line":10,"column":1027}},"29":{"start":{"line":10,"column":1028},"end":{"line":10,"column":1138}},"30":{"start":{"line":10,"column":1065},"end":{"line":10,"column":1106}},"31":{"start":{"line":10,"column":1114},"end":{"line":10,"column":1137}},"32":{"start":{"line":10,"column":1140},"end":{"line":10,"column":1161}},"33":{"start":{"line":10,"column":1161},"end":{"line":10,"column":1197}},"34":{"start":{"line":10,"column":1173},"end":{"line":10,"column":1196}},"35":{"start":{"line":10,"column":1197},"end":{"line":10,"column":1211}},"36":{"start":{"line":15,"column":18},"end":{"line":22,"column":1}},"37":{"start":{"line":16,"column":12},"end":{"line":16,"column":25}},"38":{"start":{"line":17,"column":2},"end":{"line":19,"column":197}},"39":{"start":{"line":22,"column":2},"end":{"line":22,"column":36}},"40":{"start":{"line":130,"column":13},"end":{"line":133,"column":33}}},"fnMap":{"0":{"name":"_interopRequireDefault","decl":{"start":{"line":10,"column":210},"end":{"line":10,"column":232}},"loc":{"start":{"line":10,"column":238},"end":{"line":10,"column":294}},"line":10},"1":{"name":"_getRequireWildcardCache","decl":{"start":{"line":10,"column":303},"end":{"line":10,"column":327}},"loc":{"start":{"line":10,"column":330},"end":{"line":10,"column":497}},"line":10},"2":{"name":"_getRequireWildcardCache","decl":{"start":{"line":10,"column":440},"end":{"line":10,"column":464}},"loc":{"start":{"line":10,"column":467},"end":{"line":10,"column":482}},"line":10},"3":{"name":"_interopRequireWildcard","decl":{"start":{"line":10,"column":506},"end":{"line":10,"column":529}},"loc":{"start":{"line":10,"column":535},"end":{"line":10,"column":1212}},"line":10},"4":{"name":"IconButtonF","decl":{"start":{"line":15,"column":27},"end":{"line":15,"column":38}},"loc":{"start":{"line":15,"column":46},"end":{"line":22,"column":1}},"line":15}},"branchMap":{"0":{"loc":{"start":{"line":10,"column":246},"end":{"line":10,"column":292}},"type":"cond-expr","locations":[{"start":{"line":10,"column":270},"end":{"line":10,"column":273}},{"start":{"line":10,"column":276},"end":{"line":10,"column":292}}],"line":10},"1":{"loc":{"start":{"line":10,"column":246},"end":{"line":10,"column":267}},"type":"binary-expr","locations":[{"start":{"line":10,"column":246},"end":{"line":10,"column":249}},{"start":{"line":10,"column":253},"end":{"line":10,"column":267}}],"line":10},"2":{"loc":{"start":{"line":10,"column":331},"end":{"line":10,"column":378}},"type":"if","locations":[{"start":{"line":10,"column":331},"end":{"line":10,"column":378}},{"start":{"line":10,"column":331},"end":{"line":10,"column":378}}],"line":10},"3":{"loc":{"start":{"line":10,"column":536},"end":{"line":10,"column":576}},"type":"if","locations":[{"start":{"line":10,"column":536},"end":{"line":10,"column":576}},{"start":{"line":10,"column":536},"end":{"line":10,"column":576}}],"line":10},"4":{"loc":{"start":{"line":10,"column":540},"end":{"line":10,"column":561}},"type":"binary-expr","locations":[{"start":{"line":10,"column":540},"end":{"line":10,"column":543}},{"start":{"line":10,"column":547},"end":{"line":10,"column":561}}],"line":10},"5":{"loc":{"start":{"line":10,"column":576},"end":{"line":10,"column":676}},"type":"if","locations":[{"start":{"line":10,"column":576},"end":{"line":10,"column":676}},{"start":{"line":10,"column":576},"end":{"line":10,"column":676}}],"line":10},"6":{"loc":{"start":{"line":10,"column":580},"end":{"line":10,"column":648}},"type":"binary-expr","locations":[{"start":{"line":10,"column":580},"end":{"line":10,"column":592}},{"start":{"line":10,"column":596},"end":{"line":10,"column":619}},{"start":{"line":10,"column":623},"end":{"line":10,"column":648}}],"line":10},"7":{"loc":{"start":{"line":10,"column":715},"end":{"line":10,"column":768}},"type":"if","locations":[{"start":{"line":10,"column":715},"end":{"line":10,"column":768}},{"start":{"line":10,"column":715},"end":{"line":10,"column":768}}],"line":10},"8":{"loc":{"start":{"line":10,"column":719},"end":{"line":10,"column":742}},"type":"binary-expr","locations":[{"start":{"line":10,"column":719},"end":{"line":10,"column":724}},{"start":{"line":10,"column":728},"end":{"line":10,"column":742}}],"line":10},"9":{"loc":{"start":{"line":10,"column":812},"end":{"line":10,"column":868}},"type":"binary-expr","locations":[{"start":{"line":10,"column":812},"end":{"line":10,"column":833}},{"start":{"line":10,"column":837},"end":{"line":10,"column":868}}],"line":10},"10":{"loc":{"start":{"line":10,"column":891},"end":{"line":10,"column":1139}},"type":"if","locations":[{"start":{"line":10,"column":891},"end":{"line":10,"column":1139}},{"start":{"line":10,"column":891},"end":{"line":10,"column":1139}}],"line":10},"11":{"loc":{"start":{"line":10,"column":955},"end":{"line":10,"column":1027}},"type":"cond-expr","locations":[{"start":{"line":10,"column":979},"end":{"line":10,"column":1020}},{"start":{"line":10,"column":1023},"end":{"line":10,"column":1027}}],"line":10},"12":{"loc":{"start":{"line":10,"column":1028},"end":{"line":10,"column":1138}},"type":"if","locations":[{"start":{"line":10,"column":1028},"end":{"line":10,"column":1138}},{"start":{"line":10,"column":1028},"end":{"line":10,"column":1138}}],"line":10},"13":{"loc":{"start":{"line":10,"column":1032},"end":{"line":10,"column":1062}},"type":"binary-expr","locations":[{"start":{"line":10,"column":1032},"end":{"line":10,"column":1036}},{"start":{"line":10,"column":1041},"end":{"line":10,"column":1049}},{"start":{"line":10,"column":1053},"end":{"line":10,"column":1061}}],"line":10},"14":{"loc":{"start":{"line":10,"column":1161},"end":{"line":10,"column":1197}},"type":"if","locations":[{"start":{"line":10,"column":1161},"end":{"line":10,"column":1197}},{"start":{"line":10,"column":1161},"end":{"line":10,"column":1197}}],"line":10}},"s":{"0":3,"1":3,"2":3,"3":3,"4":3,"5":3,"6":3,"7":3,"8":3,"9":3,"10":9,"11":3,"12":0,"13":3,"14":3,"15":0,"16":3,"17":3,"18":0,"19":3,"20":0,"21":3,"22":3,"23":0,"24":3,"25":3,"26":3,"27":84,"28":84,"29":84,"30":0,"31":84,"32":3,"33":3,"34":3,"35":3,"36":3,"37":4,"38":4,"39":3,"40":3},"f":{"0":9,"1":3,"2":0,"3":3,"4":4},"b":{"0":[6,3],"1":[9,9],"2":[0,3],"3":[0,3],"4":[3,3],"5":[0,3],"6":[3,3,0],"7":[0,3],"8":[3,3],"9":[3,3],"10":[84,0],"11":[84,0],"12":[0,84],"13":[84,84,84],"14":[3,0]},"inputSourceMap":null,"_coverageSchema":"1a1c01bbd47fc00a2c39e90264f33305004495a9","hash":"5b4b83f24c31b92b0c96ad8c40bdbd3cbec2e75e"}
[...]
,"/home/girish/iitb2020/intern/LearningProject/App/Containers/Screen3.js": {"path":"/home/girish/iitb2020/intern/LearningProject/App/Containers/Screen3.js","statementMap":{"0":{"start":{"line":1,"column":13},"end":{"line":1,"column":75}},"1":{"start":{"line":1,"column":75},"end":{"line":1,"column":100}},"2":{"start":{"line":10,"column":0},"end":{"line":10,"column":40}},"3":{"start":{"line":11,"column":13},"end":{"line":11,"column":54}},"4":{"start":{"line":13,"column":19},"end":{"line":13,"column":42}},"5":{"start":{"line":23,"column":11},"end":{"line":23,"column":39}},"6":{"start":{"line":24,"column":14},"end":{"line":24,"column":49}},"7":{"start":{"line":26,"column":20},"end":{"line":26,"column":66}},"8":{"start":{"line":33,"column":20},"end":{"line":33,"column":92}},"9":{"start":{"line":34,"column":19},"end":{"line":34,"column":55}},"10":{"start":{"line":34,"column":68},"end":{"line":34,"column":72}},"11":{"start":{"line":34,"column":88},"end":{"line":34,"column":160}},"12":{"start":{"line":34,"column":199},"end":{"line":34,"column":253}},"13":{"start":{"line":34,"column":291},"end":{"line":34,"column":338}},"14":{"start":{"line":34,"column":326},"end":{"line":34,"column":338}},"15":{"start":{"line":34,"column":350},"end":{"line":34,"column":363}},"16":{"start":{"line":34,"column":364},"end":{"line":34,"column":443}},"17":{"start":{"line":34,"column":428},"end":{"line":34,"column":441}},"18":{"start":{"line":34,"column":443},"end":{"line":34,"column":456}},"19":{"start":{"line":34,"column":496},"end":{"line":34,"column":536}},"20":{"start":{"line":34,"column":524},"end":{"line":34,"column":535}},"21":{"start":{"line":34,"column":536},"end":{"line":34,"column":636}},"22":{"start":{"line":34,"column":611},"end":{"line":34,"column":635}},"23":{"start":{"line":34,"column":648},"end":{"line":34,"column":674}},"24":{"start":{"line":34,"column":675},"end":{"line":34,"column":728}},"25":{"start":{"line":34,"column":705},"end":{"line":34,"column":727}},"26":{"start":{"line":34,"column":741},"end":{"line":34,"column":743}},"27":{"start":{"line":34,"column":772},"end":{"line":34,"column":828}},"28":{"start":{"line":34,"column":829},"end":{"line":34,"column":1100}},"29":{"start":{"line":34,"column":851},"end":{"line":34,"column":1099}},"30":{"start":{"line":34,"column":915},"end":{"line":34,"column":987}},"31":{"start":{"line":34,"column":988},"end":{"line":34,"column":1098}},"32":{"start":{"line":34,"column":1025},"end":{"line":34,"column":1066}},"33":{"start":{"line":34,"column":1074},"end":{"line":34,"column":1097}},"34":{"start":{"line":34,"column":1100},"end":{"line":34,"column":1121}},"35":{"start":{"line":34,"column":1121},"end":{"line":34,"column":1157}},"36":{"start":{"line":34,"column":1133},"end":{"line":34,"column":1156}},"37":{"start":{"line":34,"column":1157},"end":{"line":34,"column":1171}},"38":{"start":{"line":36,"column":14},"end":{"line":57,"column":1}},"39":{"start":{"line":36,"column":55},"end":{"line":36,"column":70}},"40":{"start":{"line":37,"column":16},"end":{"line":41,"column":87}},"41":{"start":{"line":37,"column":42},"end":{"line":41,"column":86}},"42":{"start":{"line":37,"column":103},"end":{"line":41,"column":56}},"43":{"start":{"line":37,"column":114},"end":{"line":41,"column":55}},"44":{"start":{"line":37,"column":161},"end":{"line":37,"column":179}},"45":{"start":{"line":37,"column":179},"end":{"line":38,"column":51}},"46":{"start":{"line":38,"column":58},"end":{"line":38,"column":76}},"47":{"start":{"line":39,"column":12},"end":{"line":41,"column":13}},"48":{"start":{"line":40,"column":14},"end":{"line":40,"column":51}},"49":{"start":{"line":41,"column":31},"end":{"line":41,"column":54}},"50":{"start":{"line":43,"column":2},"end":{"line":45,"column":5}},"51":{"start":{"line":44,"column":4},"end":{"line":44,"column":14}},"52":{"start":{"line":46,"column":2},"end":{"line":46,"column":20}},"53":{"start":{"line":47,"column":2},"end":{"line":53,"column":136}},"54":{"start":{"line":57,"column":2},"end":{"line":57,"column":28}}},"fnMap":{"0":{"name":"_interopRequireDefault","decl":{"start":{"line":34,"column":170},"end":{"line":34,"column":192}},"loc":{"start":{"line":34,"column":198},"end":{"line":34,"column":254}},"line":34},"1":{"name":"_getRequireWildcardCache","decl":{"start":{"line":34,"column":263},"end":{"line":34,"column":287}},"loc":{"start":{"line":34,"column":290},"end":{"line":34,"column":457}},"line":34},"2":{"name":"_getRequireWildcardCache","decl":{"start":{"line":34,"column":400},"end":{"line":34,"column":424}},"loc":{"start":{"line":34,"column":427},"end":{"line":34,"column":442}},"line":34},"3":{"name":"_interopRequireWildcard","decl":{"start":{"line":34,"column":466},"end":{"line":34,"column":489}},"loc":{"start":{"line":34,"column":495},"end":{"line":34,"column":1172}},"line":34},"4":{"name":"Screen3","decl":{"start":{"line":36,"column":23},"end":{"line":36,"column":30}},"loc":{"start":{"line":36,"column":37},"end":{"line":57,"column":1}},"line":36},"5":{"name":"getRead","decl":{"start":{"line":37,"column":25},"end":{"line":37,"column":32}},"loc":{"start":{"line":37,"column":35},"end":{"line":41,"column":87}},"line":37},"6":{"name":"getRead$","decl":{"start":{"line":37,"column":83},"end":{"line":37,"column":91}},"loc":{"start":{"line":37,"column":102},"end":{"line":41,"column":57}},"line":37},"7":{"name":"(anonymous_7)","decl":{"start":{"line":43,"column":24},"end":{"line":43,"column":25}},"loc":{"start":{"line":43,"column":36},"end":{"line":45,"column":3}},"line":43}},"branchMap":{"0":{"loc":{"start":{"line":34,"column":206},"end":{"line":34,"column":252}},"type":"cond-expr","locations":[{"start":{"line":34,"column":230},"end":{"line":34,"column":233}},{"start":{"line":34,"column":236},"end":{"line":34,"column":252}}],"line":34},"1":{"loc":{"start":{"line":34,"column":206},"end":{"line":34,"column":227}},"type":"binary-expr","locations":[{"start":{"line":34,"column":206},"end":{"line":34,"column":209}},{"start":{"line":34,"column":213},"end":{"line":34,"column":227}}],"line":34},"2":{"loc":{"start":{"line":34,"column":291},"end":{"line":34,"column":338}},"type":"if","locations":[{"start":{"line":34,"column":291},"end":{"line":34,"column":338}},{"start":{"line":34,"column":291},"end":{"line":34,"column":338}}],"line":34},"3":{"loc":{"start":{"line":34,"column":496},"end":{"line":34,"column":536}},"type":"if","locations":[{"start":{"line":34,"column":496},"end":{"line":34,"column":536}},{"start":{"line":34,"column":496},"end":{"line":34,"column":536}}],"line":34},"4":{"loc":{"start":{"line":34,"column":500},"end":{"line":34,"column":521}},"type":"binary-expr","locations":[{"start":{"line":34,"column":500},"end":{"line":34,"column":503}},{"start":{"line":34,"column":507},"end":{"line":34,"column":521}}],"line":34},"5":{"loc":{"start":{"line":34,"column":536},"end":{"line":34,"column":636}},"type":"if","locations":[{"start":{"line":34,"column":536},"end":{"line":34,"column":636}},{"start":{"line":34,"column":536},"end":{"line":34,"column":636}}],"line":34},"6":{"loc":{"start":{"line":34,"column":540},"end":{"line":34,"column":608}},"type":"binary-expr","locations":[{"start":{"line":34,"column":540},"end":{"line":34,"column":552}},{"start":{"line":34,"column":556},"end":{"line":34,"column":579}},{"start":{"line":34,"column":583},"end":{"line":34,"column":608}}],"line":34},"7":{"loc":{"start":{"line":34,"column":675},"end":{"line":34,"column":728}},"type":"if","locations":[{"start":{"line":34,"column":675},"end":{"line":34,"column":728}},{"start":{"line":34,"column":675},"end":{"line":34,"column":728}}],"line":34},"8":{"loc":{"start":{"line":34,"column":679},"end":{"line":34,"column":702}},"type":"binary-expr","locations":[{"start":{"line":34,"column":679},"end":{"line":34,"column":684}},{"start":{"line":34,"column":688},"end":{"line":34,"column":702}}],"line":34},"9":{"loc":{"start":{"line":34,"column":772},"end":{"line":34,"column":828}},"type":"binary-expr","locations":[{"start":{"line":34,"column":772},"end":{"line":34,"column":793}},{"start":{"line":34,"column":797},"end":{"line":34,"column":828}}],"line":34},"10":{"loc":{"start":{"line":34,"column":851},"end":{"line":34,"column":1099}},"type":"if","locations":[{"start":{"line":34,"column":851},"end":{"line":34,"column":1099}},{"start":{"line":34,"column":851},"end":{"line":34,"column":1099}}],"line":34},"11":{"loc":{"start":{"line":34,"column":915},"end":{"line":34,"column":987}},"type":"cond-expr","locations":[{"start":{"line":34,"column":939},"end":{"line":34,"column":980}},{"start":{"line":34,"column":983},"end":{"line":34,"column":987}}],"line":34},"12":{"loc":{"start":{"line":34,"column":988},"end":{"line":34,"column":1098}},"type":"if","locations":[{"start":{"line":34,"column":988},"end":{"line":34,"column":1098}},{"start":{"line":34,"column":988},"end":{"line":34,"column":1098}}],"line":34},"13":{"loc":{"start":{"line":34,"column":992},"end":{"line":34,"column":1022}},"type":"binary-expr","locations":[{"start":{"line":34,"column":992},"end":{"line":34,"column":996}},{"start":{"line":34,"column":1001},"end":{"line":34,"column":1009}},{"start":{"line":34,"column":1013},"end":{"line":34,"column":1021}}],"line":34},"14":{"loc":{"start":{"line":34,"column":1121},"end":{"line":34,"column":1157}},"type":"if","locations":[{"start":{"line":34,"column":1121},"end":{"line":34,"column":1157}},{"start":{"line":34,"column":1121},"end":{"line":34,"column":1157}}],"line":34},"15":{"loc":{"start":{"line":37,"column":114},"end":{"line":41,"column":55}},"type":"switch","locations":[{"start":{"line":37,"column":154},"end":{"line":38,"column":51}},{"start":{"line":38,"column":51},"end":{"line":41,"column":13}},{"start":{"line":41,"column":13},"end":{"line":41,"column":20}},{"start":{"line":41,"column":20},"end":{"line":41,"column":54}}],"line":37},"16":{"loc":{"start":{"line":39,"column":12},"end":{"line":41,"column":13}},"type":"if","locations":[{"start":{"line":39,"column":12},"end":{"line":41,"column":13}},{"start":{"line":39,"column":12},"end":{"line":41,"column":13}}],"line":39}},"s":{"0":1,"1":1,"2":1,"3":1,"4":1,"5":1,"6":1,"7":1,"8":1,"9":1,"10":1,"11":1,"12":1,"13":1,"14":0,"15":1,"16":1,"17":0,"18":1,"19":1,"20":0,"21":1,"22":0,"23":1,"24":1,"25":0,"26":1,"27":1,"28":1,"29":28,"30":28,"31":28,"32":0,"33":28,"34":1,"35":1,"36":1,"37":1,"38":1,"39":4,"40":4,"41":4,"42":8,"43":8,"44":4,"45":4,"46":4,"47":4,"48":0,"49":4,"50":4,"51":4,"52":4,"53":4,"54":1},"f":{"0":1,"1":1,"2":0,"3":1,"4":4,"5":4,"6":8,"7":4},"b":{"0":[1,0],"1":[1,1],"2":[0,1],"3":[0,1],"4":[1,1],"5":[0,1],"6":[1,1,0],"7":[0,1],"8":[1,1],"9":[1,1],"10":[28,0],"11":[28,0],"12":[0,28],"13":[28,28,28],"14":[1,0],"15":[4,4,4,4],"16":[0,4]},"inputSourceMap":null,"_coverageSchema":"1a1c01bbd47fc00a2c39e90264f33305004495a9","hash":"8be4ddcaf82aba3ef6925c97af05b884ec32a100"}
,"/home/girish/iitb2020/intern/LearningProject/App/Containers/Screen4.js": {"path":"/home/girish/iitb2020/intern/LearningProject/App/Containers/Screen4.js","statementMap":{"0":{"start":{"line":1,"column":13},"end":{"line":1,"column":75}},"1":{"start":{"line":1,"column":75},"end":{"line":1,"column":100}},"2":{"start":{"line":10,"column":0},"end":{"line":10,"column":40}},"3":{"start":{"line":11,"column":13},"end":{"line":11,"column":54}},"4":{"start":{"line":13,"column":19},"end":{"line":13,"column":42}},"5":{"start":{"line":23,"column":11},"end":{"line":23,"column":39}},"6":{"start":{"line":24,"column":14},"end":{"line":24,"column":49}},"7":{"start":{"line":26,"column":20},"end":{"line":26,"column":66}},"8":{"start":{"line":33,"column":20},"end":{"line":33,"column":92}},"9":{"start":{"line":34,"column":19},"end":{"line":34,"column":55}},"10":{"start":{"line":34,"column":68},"end":{"line":34,"column":72}},"11":{"start":{"line":34,"column":88},"end":{"line":34,"column":160}},"12":{"start":{"line":34,"column":199},"end":{"line":34,"column":253}},"13":{"start":{"line":34,"column":291},"end":{"line":34,"column":338}},"14":{"start":{"line":34,"column":326},"end":{"line":34,"column":338}},"15":{"start":{"line":34,"column":350},"end":{"line":34,"column":363}},"16":{"start":{"line":34,"column":364},"end":{"line":34,"column":443}},"17":{"start":{"line":34,"column":428},"end":{"line":34,"column":441}},"18":{"start":{"line":34,"column":443},"end":{"line":34,"column":456}},"19":{"start":{"line":34,"column":496},"end":{"line":34,"column":536}},"20":{"start":{"line":34,"column":524},"end":{"line":34,"column":535}},"21":{"start":{"line":34,"column":536},"end":{"line":34,"column":636}},"22":{"start":{"line":34,"column":611},"end":{"line":34,"column":635}},"23":{"start":{"line":34,"column":648},"end":{"line":34,"column":674}},"24":{"start":{"line":34,"column":675},"end":{"line":34,"column":728}},"25":{"start":{"line":34,"column":705},"end":{"line":34,"column":727}},"26":{"start":{"line":34,"column":741},"end":{"line":34,"column":743}},"27":{"start":{"line":34,"column":772},"end":{"line":34,"column":828}},"28":{"start":{"line":34,"column":829},"end":{"line":34,"column":1100}},"29":{"start":{"line":34,"column":851},"end":{"line":34,"column":1099}},"30":{"start":{"line":34,"column":915},"end":{"line":34,"column":987}},"31":{"start":{"line":34,"column":988},"end":{"line":34,"column":1098}},"32":{"start":{"line":34,"column":1025},"end":{"line":34,"column":1066}},"33":{"start":{"line":34,"column":1074},"end":{"line":34,"column":1097}},"34":{"start":{"line":34,"column":1100},"end":{"line":34,"column":1121}},"35":{"start":{"line":34,"column":1121},"end":{"line":34,"column":1157}},"36":{"start":{"line":34,"column":1133},"end":{"line":34,"column":1156}},"37":{"start":{"line":34,"column":1157},"end":{"line":34,"column":1171}},"38":{"start":{"line":36,"column":14},"end":{"line":48,"column":1}},"39":{"start":{"line":36,"column":55},"end":{"line":36,"column":70}},"40":{"start":{"line":37,"column":2},"end":{"line":37,"column":20}},"41":{"start":{"line":38,"column":2},"end":{"line":44,"column":136}},"42":{"start":{"line":48,"column":2},"end":{"line":48,"column":28}}},"fnMap":{"0":{"name":"_interopRequireDefault","decl":{"start":{"line":34,"column":170},"end":{"line":34,"column":192}},"loc":{"start":{"line":34,"column":198},"end":{"line":34,"column":254}},"line":34},"1":{"name":"_getRequireWildcardCache","decl":{"start":{"line":34,"column":263},"end":{"line":34,"column":287}},"loc":{"start":{"line":34,"column":290},"end":{"line":34,"column":457}},"line":34},"2":{"name":"_getRequireWildcardCache","decl":{"start":{"line":34,"column":400},"end":{"line":34,"column":424}},"loc":{"start":{"line":34,"column":427},"end":{"line":34,"column":442}},"line":34},"3":{"name":"_interopRequireWildcard","decl":{"start":{"line":34,"column":466},"end":{"line":34,"column":489}},"loc":{"start":{"line":34,"column":495},"end":{"line":34,"column":1172}},"line":34},"4":{"name":"Screen4","decl":{"start":{"line":36,"column":23},"end":{"line":36,"column":30}},"loc":{"start":{"line":36,"column":37},"end":{"line":48,"column":1}},"line":36}},"branchMap":{"0":{"loc":{"start":{"line":34,"column":206},"end":{"line":34,"column":252}},"type":"cond-expr","locations":[{"start":{"line":34,"column":230},"end":{"line":34,"column":233}},{"start":{"line":34,"column":236},"end":{"line":34,"column":252}}],"line":34},"1":{"loc":{"start":{"line":34,"column":206},"end":{"line":34,"column":227}},"type":"binary-expr","locations":[{"start":{"line":34,"column":206},"end":{"line":34,"column":209}},{"start":{"line":34,"column":213},"end":{"line":34,"column":227}}],"line":34},"2":{"loc":{"start":{"line":34,"column":291},"end":{"line":34,"column":338}},"type":"if","locations":[{"start":{"line":34,"column":291},"end":{"line":34,"column":338}},{"start":{"line":34,"column":291},"end":{"line":34,"column":338}}],"line":34},"3":{"loc":{"start":{"line":34,"column":496},"end":{"line":34,"column":536}},"type":"if","locations":[{"start":{"line":34,"column":496},"end":{"line":34,"column":536}},{"start":{"line":34,"column":496},"end":{"line":34,"column":536}}],"line":34},"4":{"loc":{"start":{"line":34,"column":500},"end":{"line":34,"column":521}},"type":"binary-expr","locations":[{"start":{"line":34,"column":500},"end":{"line":34,"column":503}},{"start":{"line":34,"column":507},"end":{"line":34,"column":521}}],"line":34},"5":{"loc":{"start":{"line":34,"column":536},"end":{"line":34,"column":636}},"type":"if","locations":[{"start":{"line":34,"column":536},"end":{"line":34,"column":636}},{"start":{"line":34,"column":536},"end":{"line":34,"column":636}}],"line":34},"6":{"loc":{"start":{"line":34,"column":540},"end":{"line":34,"column":608}},"type":"binary-expr","locations":[{"start":{"line":34,"column":540},"end":{"line":34,"column":552}},{"start":{"line":34,"column":556},"end":{"line":34,"column":579}},{"start":{"line":34,"column":583},"end":{"line":34,"column":608}}],"line":34},"7":{"loc":{"start":{"line":34,"column":675},"end":{"line":34,"column":728}},"type":"if","locations":[{"start":{"line":34,"column":675},"end":{"line":34,"column":728}},{"start":{"line":34,"column":675},"end":{"line":34,"column":728}}],"line":34},"8":{"loc":{"start":{"line":34,"column":679},"end":{"line":34,"column":702}},"type":"binary-expr","locations":[{"start":{"line":34,"column":679},"end":{"line":34,"column":684}},{"start":{"line":34,"column":688},"end":{"line":34,"column":702}}],"line":34},"9":{"loc":{"start":{"line":34,"column":772},"end":{"line":34,"column":828}},"type":"binary-expr","locations":[{"start":{"line":34,"column":772},"end":{"line":34,"column":793}},{"start":{"line":34,"column":797},"end":{"line":34,"column":828}}],"line":34},"10":{"loc":{"start":{"line":34,"column":851},"end":{"line":34,"column":1099}},"type":"if","locations":[{"start":{"line":34,"column":851},"end":{"line":34,"column":1099}},{"start":{"line":34,"column":851},"end":{"line":34,"column":1099}}],"line":34},"11":{"loc":{"start":{"line":34,"column":915},"end":{"line":34,"column":987}},"type":"cond-expr","locations":[{"start":{"line":34,"column":939},"end":{"line":34,"column":980}},{"start":{"line":34,"column":983},"end":{"line":34,"column":987}}],"line":34},"12":{"loc":{"start":{"line":34,"column":988},"end":{"line":34,"column":1098}},"type":"if","locations":[{"start":{"line":34,"column":988},"end":{"line":34,"column":1098}},{"start":{"line":34,"column":988},"end":{"line":34,"column":1098}}],"line":34},"13":{"loc":{"start":{"line":34,"column":992},"end":{"line":34,"column":1022}},"type":"binary-expr","locations":[{"start":{"line":34,"column":992},"end":{"line":34,"column":996}},{"start":{"line":34,"column":1001},"end":{"line":34,"column":1009}},{"start":{"line":34,"column":1013},"end":{"line":34,"column":1021}}],"line":34},"14":{"loc":{"start":{"line":34,"column":1121},"end":{"line":34,"column":1157}},"type":"if","locations":[{"start":{"line":34,"column":1121},"end":{"line":34,"column":1157}},{"start":{"line":34,"column":1121},"end":{"line":34,"column":1157}}],"line":34}},"s":{"0":1,"1":1,"2":1,"3":1,"4":1,"5":1,"6":1,"7":1,"8":1,"9":1,"10":1,"11":1,"12":1,"13":1,"14":0,"15":1,"16":1,"17":0,"18":1,"19":1,"20":0,"21":1,"22":0,"23":1,"24":1,"25":0,"26":1,"27":1,"28":1,"29":28,"30":28,"31":28,"32":0,"33":28,"34":1,"35":1,"36":1,"37":1,"38":1,"39":4,"40":4,"41":4,"42":1},"f":{"0":1,"1":1,"2":0,"3":1,"4":4},"b":{"0":[1,0],"1":[1,1],"2":[0,1],"3":[0,1],"4":[1,1],"5":[0,1],"6":[1,1,0],"7":[0,1],"8":[1,1],"9":[1,1],"10":[28,0],"11":[28,0],"12":[0,28],"13":[28,28,28],"14":[1,0]},"inputSourceMap":null,"_coverageSchema":"1a1c01bbd47fc00a2c39e90264f33305004495a9","hash":"6966dc0152fff58badee316be1e10fc46b57c1ac"}
}
