TN:
SF:App/Components/Bio.js
FN:24,_interopRequireDefault
FN:24,_templateObject
FN:24,_templateObject
FN:24,_taggedTemplateLiteralLoose
FN:40,Bio
FNF:5
FNH:4
FNDA:6,_interopRequireDefault
FNDA:3,_templateObject
FNDA:0,_templateObject
FNDA:3,_taggedTemplateLiteralLoose
FNDA:25,Bio
DA:1,3
DA:3,3
DA:4,3
DA:5,3
DA:14,3
DA:15,3
DA:17,3
DA:24,6
DA:25,3
DA:40,3
DA:41,25
DA:42,25
DA:44,25
DA:45,14
DA:47,11
DA:48,1
DA:52,10
DA:59,3
DA:61,3
DA:66,3
LF:20
LH:20
BRDA:24,0,0,0
BRDA:24,0,1,6
BRDA:24,1,0,6
BRDA:24,1,1,6
BRDA:24,2,0,3
BRDA:24,2,1,0
BRDA:44,3,0,14
BRDA:44,3,1,11
BRDA:47,4,0,1
BRDA:47,4,1,10
BRF:10
BRH:8
end_of_record
TN:
SF:App/Components/DecagonButton.js
FN:35,_interopRequireDefault
FN:35,_getRequireWildcardCache
FN:35,_getRequireWildcardCache
FN:35,_interopRequireWildcard
FN:35,_templateObject
FN:35,_templateObject
FN:35,_taggedTemplateLiteralLoose
FN:47,DecagonButton
FN:49,photoTapped
FN:61,(anonymous_9)
FNF:10
FNH:8
FNDA:5,_interopRequireDefault
FNDA:1,_getRequireWildcardCache
FNDA:0,_getRequireWildcardCache
FNDA:1,_interopRequireWildcard
FNDA:1,_templateObject
FNDA:0,_templateObject
FNDA:1,_taggedTemplateLiteralLoose
FNDA:11,DecagonButton
FNDA:1,photoTapped
FNDA:1,(anonymous_9)
DA:1,1
DA:3,1
DA:4,1
DA:7,1
DA:19,1
DA:20,1
DA:22,1
DA:23,1
DA:30,1
DA:31,1
DA:32,1
DA:33,1
DA:34,1
DA:35,28
DA:36,1
DA:47,11
DA:48,11
DA:49,11
DA:50,1
DA:62,1
DA:63,0
DA:64,1
DA:65,0
DA:66,1
DA:67,1
DA:71,1
DA:72,1
DA:73,1
DA:76,1
DA:90,11
DA:91,4
DA:92,3
DA:99,1
DA:107,7
DA:108,6
DA:110,1
DA:111,1
DA:127,1
DA:128,1
LF:39
LH:37
BRDA:35,0,0,4
BRDA:35,0,1,1
BRDA:35,1,0,5
BRDA:35,1,1,5
BRDA:35,2,0,0
BRDA:35,2,1,1
BRDA:35,3,0,0
BRDA:35,3,1,1
BRDA:35,4,0,1
BRDA:35,4,1,1
BRDA:35,5,0,0
BRDA:35,5,1,1
BRDA:35,6,0,1
BRDA:35,6,1,1
BRDA:35,6,2,0
BRDA:35,7,0,0
BRDA:35,7,1,1
BRDA:35,8,0,1
BRDA:35,8,1,1
BRDA:35,9,0,1
BRDA:35,9,1,1
BRDA:35,10,0,28
BRDA:35,10,1,0
BRDA:35,11,0,28
BRDA:35,11,1,0
BRDA:35,12,0,0
BRDA:35,12,1,28
BRDA:35,13,0,28
BRDA:35,13,1,28
BRDA:35,13,2,28
BRDA:35,14,0,1
BRDA:35,14,1,0
BRDA:35,15,0,1
BRDA:35,15,1,0
BRDA:62,16,0,0
BRDA:62,16,1,1
BRDA:64,17,0,0
BRDA:64,17,1,1
BRDA:66,18,0,1
BRDA:66,18,1,0
BRDA:90,19,0,4
BRDA:90,19,1,7
BRDA:91,20,0,3
BRDA:91,20,1,1
BRDA:107,21,0,6
BRDA:107,21,1,1
BRDA:110,22,0,1
BRDA:110,22,1,0
BRF:48
BRH:34
end_of_record
TN:
SF:App/Components/DecagonView.js
FN:29,_interopRequireDefault
FN:29,_getRequireWildcardCache
FN:29,_getRequireWildcardCache
FN:29,_interopRequireWildcard
FN:29,_slicedToArray
FN:29,_nonIterableRest
FN:29,_unsupportedIterableToArray
FN:29,_arrayLikeToArray
FN:29,_iterableToArrayLimit
FN:29,_arrayWithHoles
FN:36,DecagonView
FN:42,getImage
FN:42,getImage$
FN:52,(anonymous_13)
FNF:14
FNH:9
FNDA:12,_interopRequireDefault
FNDA:3,_getRequireWildcardCache
FNDA:0,_getRequireWildcardCache
FNDA:3,_interopRequireWildcard
FNDA:42,_slicedToArray
FNDA:0,_nonIterableRest
FNDA:0,_unsupportedIterableToArray
FNDA:0,_arrayLikeToArray
FNDA:0,_iterableToArrayLimit
FNDA:42,_arrayWithHoles
FNDA:14,DecagonView
FNDA:8,getImage
FNDA:32,getImage$
FNDA:14,(anonymous_13)
DA:1,3
DA:3,3
DA:4,3
DA:5,3
DA:17,3
DA:18,3
DA:20,3
DA:27,3
DA:28,3
DA:29,84
DA:36,3
DA:37,14
DA:38,14
DA:39,14
DA:40,14
DA:41,14
DA:42,32
DA:43,8
DA:44,8
DA:45,8
DA:46,8
DA:47,8
DA:48,8
DA:49,0
DA:50,8
DA:52,14
DA:55,14
DA:56,8
DA:57,8
DA:60,14
DA:99,3
DA:100,3
LF:32
LH:31
BRDA:29,0,0,9
BRDA:29,0,1,3
BRDA:29,1,0,12
BRDA:29,1,1,12
BRDA:29,2,0,0
BRDA:29,2,1,3
BRDA:29,3,0,0
BRDA:29,3,1,3
BRDA:29,4,0,3
BRDA:29,4,1,3
BRDA:29,5,0,0
BRDA:29,5,1,3
BRDA:29,6,0,3
BRDA:29,6,1,3
BRDA:29,6,2,0
BRDA:29,7,0,0
BRDA:29,7,1,3
BRDA:29,8,0,3
BRDA:29,8,1,3
BRDA:29,9,0,3
BRDA:29,9,1,3
BRDA:29,10,0,84
BRDA:29,10,1,0
BRDA:29,11,0,84
BRDA:29,11,1,0
BRDA:29,12,0,0
BRDA:29,12,1,84
BRDA:29,13,0,84
BRDA:29,13,1,84
BRDA:29,13,2,84
BRDA:29,14,0,3
BRDA:29,14,1,0
BRDA:29,15,0,42
BRDA:29,15,1,0
BRDA:29,15,2,0
BRDA:29,15,3,0
BRDA:29,16,0,0
BRDA:29,16,1,0
BRDA:29,17,0,0
BRDA:29,17,1,0
BRDA:29,18,0,0
BRDA:29,18,1,0
BRDA:29,19,0,0
BRDA:29,19,1,0
BRDA:29,20,0,0
BRDA:29,20,1,0
BRDA:29,21,0,0
BRDA:29,21,1,0
BRDA:29,22,0,0
BRDA:29,22,1,0
BRDA:29,23,0,0
BRDA:29,23,1,0
BRDA:29,24,0,0
BRDA:29,24,1,0
BRDA:29,25,0,0
BRDA:29,25,1,0
BRDA:29,26,0,0
BRDA:29,26,1,0
BRDA:29,27,0,0
BRDA:29,27,1,0
BRDA:29,28,0,0
BRDA:29,28,1,0
BRDA:29,29,0,0
BRDA:29,29,1,0
BRDA:29,30,0,0
BRDA:29,30,1,0
BRDA:29,31,0,0
BRDA:29,31,1,0
BRDA:29,32,0,0
BRDA:29,32,1,0
BRDA:29,33,0,42
BRDA:29,33,1,0
BRDA:42,34,0,8
BRDA:42,34,1,8
BRDA:42,34,2,8
BRDA:42,34,3,0
BRDA:42,34,4,8
BRDA:46,35,0,8
BRDA:46,35,1,0
BRDA:55,36,0,8
BRDA:55,36,1,6
BRDA:62,37,0,14
BRDA:62,37,1,6
BRDA:84,38,0,14
BRDA:84,38,1,8
BRF:85
BRH:36
end_of_record
TN:
SF:App/Components/DrawPoly.js
FN:14,_interopRequireDefault
FN:14,_getRequireWildcardCache
FN:14,_getRequireWildcardCache
FN:14,_interopRequireWildcard
FN:14,_slicedToArray
FN:14,_nonIterableRest
FN:14,_unsupportedIterableToArray
FN:14,_arrayLikeToArray
FN:14,_iterableToArrayLimit
FN:14,_arrayWithHoles
FN:14,_templateObject
FN:14,_templateObject
FN:14,_taggedTemplateLiteralLoose
FN:24,DrawPoly
FN:86,photoTapped
FN:98,(anonymous_15)
FN:151,(anonymous_16)
FN:154,(anonymous_17)
FN:183,onPress
FNF:19
FNH:13
FNDA:9,_interopRequireDefault
FNDA:3,_getRequireWildcardCache
FNDA:0,_getRequireWildcardCache
FNDA:6,_interopRequireWildcard
FNDA:18,_slicedToArray
FNDA:0,_nonIterableRest
FNDA:0,_unsupportedIterableToArray
FNDA:0,_arrayLikeToArray
FNDA:0,_iterableToArrayLimit
FNDA:18,_arrayWithHoles
FNDA:3,_templateObject
FNDA:0,_templateObject
FNDA:3,_taggedTemplateLiteralLoose
FNDA:18,DrawPoly
FNDA:2,photoTapped
FNDA:2,(anonymous_15)
FNDA:198,(anonymous_16)
FNDA:198,(anonymous_17)
FNDA:2,onPress
DA:1,3
DA:2,3
DA:3,3
DA:5,3
DA:6,3
DA:11,3
DA:12,3
DA:13,3
DA:14,84
DA:15,3
DA:24,3
DA:25,18
DA:27,18
DA:28,18
DA:86,18
DA:87,2
DA:99,2
DA:100,0
DA:101,2
DA:102,0
DA:103,2
DA:104,2
DA:108,2
DA:109,2
DA:110,2
DA:113,2
DA:114,2
DA:127,18
DA:128,18
DA:129,198
DA:130,198
DA:131,198
DA:136,18
DA:137,18
DA:138,198
DA:139,198
DA:140,198
DA:149,18
DA:150,18
DA:151,18
DA:152,198
DA:154,18
DA:155,198
DA:159,18
DA:184,2
DA:185,2
DA:192,3
DA:207,3
LF:48
LH:46
BRDA:14,0,0,6
BRDA:14,0,1,3
BRDA:14,1,0,9
BRDA:14,1,1,9
BRDA:14,2,0,0
BRDA:14,2,1,3
BRDA:14,3,0,3
BRDA:14,3,1,3
BRDA:14,4,0,6
BRDA:14,4,1,6
BRDA:14,5,0,0
BRDA:14,5,1,3
BRDA:14,6,0,3
BRDA:14,6,1,3
BRDA:14,6,2,0
BRDA:14,7,0,0
BRDA:14,7,1,3
BRDA:14,8,0,3
BRDA:14,8,1,3
BRDA:14,9,0,3
BRDA:14,9,1,3
BRDA:14,10,0,84
BRDA:14,10,1,0
BRDA:14,11,0,84
BRDA:14,11,1,0
BRDA:14,12,0,0
BRDA:14,12,1,84
BRDA:14,13,0,84
BRDA:14,13,1,84
BRDA:14,13,2,84
BRDA:14,14,0,3
BRDA:14,14,1,0
BRDA:14,15,0,18
BRDA:14,15,1,0
BRDA:14,15,2,0
BRDA:14,15,3,0
BRDA:14,16,0,0
BRDA:14,16,1,0
BRDA:14,17,0,0
BRDA:14,17,1,0
BRDA:14,18,0,0
BRDA:14,18,1,0
BRDA:14,19,0,0
BRDA:14,19,1,0
BRDA:14,20,0,0
BRDA:14,20,1,0
BRDA:14,21,0,0
BRDA:14,21,1,0
BRDA:14,22,0,0
BRDA:14,22,1,0
BRDA:14,23,0,0
BRDA:14,23,1,0
BRDA:14,24,0,0
BRDA:14,24,1,0
BRDA:14,25,0,0
BRDA:14,25,1,0
BRDA:14,26,0,0
BRDA:14,26,1,0
BRDA:14,27,0,0
BRDA:14,27,1,0
BRDA:14,28,0,0
BRDA:14,28,1,0
BRDA:14,29,0,0
BRDA:14,29,1,0
BRDA:14,30,0,0
BRDA:14,30,1,0
BRDA:14,31,0,0
BRDA:14,31,1,0
BRDA:14,32,0,0
BRDA:14,32,1,0
BRDA:14,33,0,18
BRDA:14,33,1,0
BRDA:14,34,0,3
BRDA:14,34,1,0
BRDA:99,35,0,0
BRDA:99,35,1,2
BRDA:101,36,0,0
BRDA:101,36,1,2
BRDA:103,37,0,2
BRDA:103,37,1,0
BRDA:129,38,0,198
BRDA:129,38,1,198
BRDA:130,39,0,198
BRDA:130,39,1,198
BRDA:138,40,0,198
BRDA:138,40,1,198
BRDA:139,41,0,198
BRDA:139,41,1,198
BRDA:161,42,0,18
BRDA:161,42,1,18
BRDA:162,43,0,18
BRDA:162,43,1,18
BRF:92
BRH:42
end_of_record
TN:
SF:App/Components/IconButton.js
FN:10,_interopRequireDefault
FN:10,_getRequireWildcardCache
FN:10,_getRequireWildcardCache
FN:10,_interopRequireWildcard
FN:15,IconButtonF
FNF:5
FNH:4
FNDA:9,_interopRequireDefault
FNDA:3,_getRequireWildcardCache
FNDA:0,_getRequireWildcardCache
FNDA:3,_interopRequireWildcard
FNDA:4,IconButtonF
DA:1,3
DA:3,3
DA:4,3
DA:5,3
DA:7,3
DA:8,3
DA:10,84
DA:15,3
DA:16,4
DA:17,4
DA:22,3
DA:130,3
LF:12
LH:12
BRDA:10,0,0,6
BRDA:10,0,1,3
BRDA:10,1,0,9
BRDA:10,1,1,9
BRDA:10,2,0,0
BRDA:10,2,1,3
BRDA:10,3,0,0
BRDA:10,3,1,3
BRDA:10,4,0,3
BRDA:10,4,1,3
BRDA:10,5,0,0
BRDA:10,5,1,3
BRDA:10,6,0,3
BRDA:10,6,1,3
BRDA:10,6,2,0
BRDA:10,7,0,0
BRDA:10,7,1,3
BRDA:10,8,0,3
BRDA:10,8,1,3
BRDA:10,9,0,3
BRDA:10,9,1,3
BRDA:10,10,0,84
BRDA:10,10,1,0
BRDA:10,11,0,84
BRDA:10,11,1,0
BRDA:10,12,0,0
BRDA:10,12,1,84
BRDA:10,13,0,84
BRDA:10,13,1,84
BRDA:10,13,2,84
BRDA:10,14,0,3
BRDA:10,14,1,0
BRF:32
BRH:23
end_of_record
TN:
SF:App/Components/Poly.js
FN:9,_interopRequireDefault
FN:9,_getRequireWildcardCache
FN:9,_getRequireWildcardCache
FN:9,_interopRequireWildcard
FN:9,_slicedToArray
FN:9,_nonIterableRest
FN:9,_unsupportedIterableToArray
FN:9,_arrayLikeToArray
FN:9,_iterableToArrayLimit
FN:9,_arrayWithHoles
FN:9,_templateObject
FN:9,_templateObject
FN:9,_taggedTemplateLiteralLoose
FN:19,Poly
FN:32,(anonymous_14)
FN:35,photoTapped
FN:47,(anonymous_16)
FNF:17
FNH:11
FNDA:9,_interopRequireDefault
FNDA:3,_getRequireWildcardCache
FNDA:0,_getRequireWildcardCache
FNDA:6,_interopRequireWildcard
FNDA:6,_slicedToArray
FNDA:0,_nonIterableRest
FNDA:0,_unsupportedIterableToArray
FNDA:0,_arrayLikeToArray
FNDA:0,_iterableToArrayLimit
FNDA:6,_arrayWithHoles
FNDA:3,_templateObject
FNDA:0,_templateObject
FNDA:3,_taggedTemplateLiteralLoose
FNDA:6,Poly
FNDA:66,(anonymous_14)
FNDA:1,photoTapped
FNDA:1,(anonymous_16)
DA:1,3
DA:2,3
DA:3,3
DA:5,3
DA:6,3
DA:7,3
DA:8,3
DA:9,84
DA:10,3
DA:19,3
DA:20,6
DA:21,6
DA:22,6
DA:23,66
DA:24,66
DA:25,66
DA:31,6
DA:32,6
DA:33,66
DA:35,6
DA:36,1
DA:48,1
DA:49,0
DA:50,1
DA:51,0
DA:52,1
DA:53,1
DA:57,1
DA:58,1
DA:59,1
DA:62,1
DA:63,1
DA:79,6
DA:80,1
DA:107,5
DA:135,3
DA:148,3
LF:37
LH:35
BRDA:9,0,0,6
BRDA:9,0,1,3
BRDA:9,1,0,9
BRDA:9,1,1,9
BRDA:9,2,0,0
BRDA:9,2,1,3
BRDA:9,3,0,3
BRDA:9,3,1,3
BRDA:9,4,0,6
BRDA:9,4,1,6
BRDA:9,5,0,0
BRDA:9,5,1,3
BRDA:9,6,0,3
BRDA:9,6,1,3
BRDA:9,6,2,0
BRDA:9,7,0,0
BRDA:9,7,1,3
BRDA:9,8,0,3
BRDA:9,8,1,3
BRDA:9,9,0,3
BRDA:9,9,1,3
BRDA:9,10,0,84
BRDA:9,10,1,0
BRDA:9,11,0,84
BRDA:9,11,1,0
BRDA:9,12,0,0
BRDA:9,12,1,84
BRDA:9,13,0,84
BRDA:9,13,1,84
BRDA:9,13,2,84
BRDA:9,14,0,3
BRDA:9,14,1,0
BRDA:9,15,0,6
BRDA:9,15,1,0
BRDA:9,15,2,0
BRDA:9,15,3,0
BRDA:9,16,0,0
BRDA:9,16,1,0
BRDA:9,17,0,0
BRDA:9,17,1,0
BRDA:9,18,0,0
BRDA:9,18,1,0
BRDA:9,19,0,0
BRDA:9,19,1,0
BRDA:9,20,0,0
BRDA:9,20,1,0
BRDA:9,21,0,0
BRDA:9,21,1,0
BRDA:9,22,0,0
BRDA:9,22,1,0
BRDA:9,23,0,0
BRDA:9,23,1,0
BRDA:9,24,0,0
BRDA:9,24,1,0
BRDA:9,25,0,0
BRDA:9,25,1,0
BRDA:9,26,0,0
BRDA:9,26,1,0
BRDA:9,27,0,0
BRDA:9,27,1,0
BRDA:9,28,0,0
BRDA:9,28,1,0
BRDA:9,29,0,0
BRDA:9,29,1,0
BRDA:9,30,0,0
BRDA:9,30,1,0
BRDA:9,31,0,0
BRDA:9,31,1,0
BRDA:9,32,0,0
BRDA:9,32,1,0
BRDA:9,33,0,6
BRDA:9,33,1,0
BRDA:9,34,0,3
BRDA:9,34,1,0
BRDA:23,35,0,66
BRDA:23,35,1,66
BRDA:24,36,0,66
BRDA:24,36,1,66
BRDA:48,37,0,0
BRDA:48,37,1,1
BRDA:50,38,0,0
BRDA:50,38,1,1
BRDA:52,39,0,1
BRDA:52,39,1,0
BRDA:79,40,0,1
BRDA:79,40,1,5
BRDA:82,41,0,1
BRDA:82,41,1,1
BRDA:83,42,0,1
BRDA:83,42,1,1
BRDA:109,43,0,5
BRDA:109,43,1,5
BRDA:110,44,0,5
BRDA:110,44,1,5
BRF:94
BRH:44
end_of_record
TN:
SF:App/Containers/Screen1.js
FN:37,_interopRequireDefault
FN:37,_getRequireWildcardCache
FN:37,_getRequireWildcardCache
FN:37,_interopRequireWildcard
FN:39,Screen1
FNF:5
FNH:4
FNDA:1,_interopRequireDefault
FNDA:1,_getRequireWildcardCache
FNDA:0,_getRequireWildcardCache
FNDA:1,_interopRequireWildcard
FNDA:6,Screen1
DA:1,1
DA:10,1
DA:11,1
DA:12,1
DA:21,1
DA:22,1
DA:24,1
DA:32,1
DA:33,1
DA:34,1
DA:35,1
DA:36,1
DA:37,28
DA:39,6
DA:40,6
DA:50,1
LF:16
LH:16
BRDA:37,0,0,1
BRDA:37,0,1,0
BRDA:37,1,0,1
BRDA:37,1,1,1
BRDA:37,2,0,0
BRDA:37,2,1,1
BRDA:37,3,0,0
BRDA:37,3,1,1
BRDA:37,4,0,1
BRDA:37,4,1,1
BRDA:37,5,0,0
BRDA:37,5,1,1
BRDA:37,6,0,1
BRDA:37,6,1,1
BRDA:37,6,2,0
BRDA:37,7,0,0
BRDA:37,7,1,1
BRDA:37,8,0,1
BRDA:37,8,1,1
BRDA:37,9,0,1
BRDA:37,9,1,1
BRDA:37,10,0,28
BRDA:37,10,1,0
BRDA:37,11,0,28
BRDA:37,11,1,0
BRDA:37,12,0,0
BRDA:37,12,1,28
BRDA:37,13,0,28
BRDA:37,13,1,28
BRDA:37,13,2,28
BRDA:37,14,0,1
BRDA:37,14,1,0
BRF:32
BRH:22
end_of_record
TN:
SF:App/Containers/Screen2.js
FN:32,_interopRequireDefault
FN:32,_getRequireWildcardCache
FN:32,_getRequireWildcardCache
FN:32,_interopRequireWildcard
FN:32,_slicedToArray
FN:32,_nonIterableRest
FN:32,_unsupportedIterableToArray
FN:32,_arrayLikeToArray
FN:32,_iterableToArrayLimit
FN:32,_arrayWithHoles
FN:34,Screen2
FN:38,(anonymous_11)
FN:44,(anonymous_12)
FN:52,(anonymous_13)
FN:84,useInterval
FN:87,(anonymous_15)
FN:91,(anonymous_16)
FN:92,tick
FN:97,(anonymous_18)
FNF:19
FNH:14
FNDA:2,_interopRequireDefault
FNDA:2,_getRequireWildcardCache
FNDA:0,_getRequireWildcardCache
FNDA:2,_interopRequireWildcard
FNDA:101,_slicedToArray
FNDA:0,_nonIterableRest
FNDA:0,_unsupportedIterableToArray
FNDA:0,_arrayLikeToArray
FNDA:0,_iterableToArrayLimit
FNDA:101,_arrayWithHoles
FNDA:101,Screen2
FNDA:102,(anonymous_11)
FNDA:101,(anonymous_12)
FNDA:101,(anonymous_13)
FNDA:101,useInterval
FNDA:101,(anonymous_15)
FNDA:1,(anonymous_16)
FNDA:102,tick
FNDA:1,(anonymous_18)
DA:1,2
DA:10,2
DA:11,2
DA:13,2
DA:23,2
DA:25,2
DA:32,101
DA:34,101
DA:35,101
DA:36,101
DA:37,101
DA:38,101
DA:39,102
DA:40,100
DA:43,101
DA:44,101
DA:45,101
DA:46,50
DA:48,101
DA:52,101
DA:53,101
DA:54,1
DA:58,101
DA:64,101
DA:83,2
DA:85,101
DA:87,101
DA:88,101
DA:91,101
DA:93,102
DA:95,1
DA:96,1
DA:97,1
DA:101,2
LF:34
LH:34
BRDA:32,0,0,2
BRDA:32,0,1,0
BRDA:32,1,0,2
BRDA:32,1,1,2
BRDA:32,2,0,0
BRDA:32,2,1,2
BRDA:32,3,0,0
BRDA:32,3,1,2
BRDA:32,4,0,2
BRDA:32,4,1,2
BRDA:32,5,0,0
BRDA:32,5,1,2
BRDA:32,6,0,2
BRDA:32,6,1,2
BRDA:32,6,2,0
BRDA:32,7,0,0
BRDA:32,7,1,2
BRDA:32,8,0,2
BRDA:32,8,1,2
BRDA:32,9,0,2
BRDA:32,9,1,2
BRDA:32,10,0,56
BRDA:32,10,1,0
BRDA:32,11,0,56
BRDA:32,11,1,0
BRDA:32,12,0,0
BRDA:32,12,1,56
BRDA:32,13,0,56
BRDA:32,13,1,56
BRDA:32,13,2,56
BRDA:32,14,0,2
BRDA:32,14,1,0
BRDA:32,15,0,101
BRDA:32,15,1,0
BRDA:32,15,2,0
BRDA:32,15,3,0
BRDA:32,16,0,0
BRDA:32,16,1,0
BRDA:32,17,0,0
BRDA:32,17,1,0
BRDA:32,18,0,0
BRDA:32,18,1,0
BRDA:32,19,0,0
BRDA:32,19,1,0
BRDA:32,20,0,0
BRDA:32,20,1,0
BRDA:32,21,0,0
BRDA:32,21,1,0
BRDA:32,22,0,0
BRDA:32,22,1,0
BRDA:32,23,0,0
BRDA:32,23,1,0
BRDA:32,24,0,0
BRDA:32,24,1,0
BRDA:32,25,0,0
BRDA:32,25,1,0
BRDA:32,26,0,0
BRDA:32,26,1,0
BRDA:32,27,0,0
BRDA:32,27,1,0
BRDA:32,28,0,0
BRDA:32,28,1,0
BRDA:32,29,0,0
BRDA:32,29,1,0
BRDA:32,30,0,0
BRDA:32,30,1,0
BRDA:32,31,0,0
BRDA:32,31,1,0
BRDA:32,32,0,0
BRDA:32,32,1,0
BRDA:32,33,0,101
BRDA:32,33,1,0
BRDA:39,34,0,100
BRDA:39,34,1,2
BRDA:45,35,0,50
BRDA:45,35,1,51
BRDA:53,36,0,1
BRDA:53,36,1,100
BRDA:95,37,0,1
BRDA:95,37,1,0
BRF:80
BRH:31
end_of_record
TN:
SF:App/Containers/Screen3.js
FN:34,_interopRequireDefault
FN:34,_getRequireWildcardCache
FN:34,_getRequireWildcardCache
FN:34,_interopRequireWildcard
FN:36,Screen3
FN:37,getRead
FN:37,getRead$
FN:43,(anonymous_7)
FNF:8
FNH:7
FNDA:1,_interopRequireDefault
FNDA:1,_getRequireWildcardCache
FNDA:0,_getRequireWildcardCache
FNDA:1,_interopRequireWildcard
FNDA:4,Screen3
FNDA:4,getRead
FNDA:8,getRead$
FNDA:4,(anonymous_7)
DA:1,1
DA:10,1
DA:11,1
DA:13,1
DA:23,1
DA:24,1
DA:26,1
DA:33,1
DA:34,28
DA:36,4
DA:37,8
DA:38,4
DA:39,4
DA:40,0
DA:41,4
DA:43,4
DA:44,4
DA:46,4
DA:47,4
DA:57,1
LF:20
LH:19
BRDA:34,0,0,1
BRDA:34,0,1,0
BRDA:34,1,0,1
BRDA:34,1,1,1
BRDA:34,2,0,0
BRDA:34,2,1,1
BRDA:34,3,0,0
BRDA:34,3,1,1
BRDA:34,4,0,1
BRDA:34,4,1,1
BRDA:34,5,0,0
BRDA:34,5,1,1
BRDA:34,6,0,1
BRDA:34,6,1,1
BRDA:34,6,2,0
BRDA:34,7,0,0
BRDA:34,7,1,1
BRDA:34,8,0,1
BRDA:34,8,1,1
BRDA:34,9,0,1
BRDA:34,9,1,1
BRDA:34,10,0,28
BRDA:34,10,1,0
BRDA:34,11,0,28
BRDA:34,11,1,0
BRDA:34,12,0,0
BRDA:34,12,1,28
BRDA:34,13,0,28
BRDA:34,13,1,28
BRDA:34,13,2,28
BRDA:34,14,0,1
BRDA:34,14,1,0
BRDA:37,15,0,4
BRDA:37,15,1,4
BRDA:37,15,2,4
BRDA:37,15,3,4
BRDA:39,16,0,0
BRDA:39,16,1,4
BRF:38
BRH:27
end_of_record
TN:
SF:App/Containers/Screen4.js
FN:34,_interopRequireDefault
FN:34,_getRequireWildcardCache
FN:34,_getRequireWildcardCache
FN:34,_interopRequireWildcard
FN:36,Screen4
FNF:5
FNH:4
FNDA:1,_interopRequireDefault
FNDA:1,_getRequireWildcardCache
FNDA:0,_getRequireWildcardCache
FNDA:1,_interopRequireWildcard
FNDA:4,Screen4
DA:1,1
DA:10,1
DA:11,1
DA:13,1
DA:23,1
DA:24,1
DA:26,1
DA:33,1
DA:34,28
DA:36,4
DA:37,4
DA:38,4
DA:48,1
LF:13
LH:13
BRDA:34,0,0,1
BRDA:34,0,1,0
BRDA:34,1,0,1
BRDA:34,1,1,1
BRDA:34,2,0,0
BRDA:34,2,1,1
BRDA:34,3,0,0
BRDA:34,3,1,1
BRDA:34,4,0,1
BRDA:34,4,1,1
BRDA:34,5,0,0
BRDA:34,5,1,1
BRDA:34,6,0,1
BRDA:34,6,1,1
BRDA:34,6,2,0
BRDA:34,7,0,0
BRDA:34,7,1,1
BRDA:34,8,0,1
BRDA:34,8,1,1
BRDA:34,9,0,1
BRDA:34,9,1,1
BRDA:34,10,0,28
BRDA:34,10,1,0
BRDA:34,11,0,28
BRDA:34,11,1,0
BRDA:34,12,0,0
BRDA:34,12,1,28
BRDA:34,13,0,28
BRDA:34,13,1,28
BRDA:34,13,2,28
BRDA:34,14,0,1
BRDA:34,14,1,0
BRF:32
BRH:22
end_of_record
